TN:
SF:src\app\layout.tsx
FN:12,RootLayout
FNF:1
FNH:0
FNDA:0,RootLayout
DA:1,0
DA:2,0
DA:3,0
DA:5,0
DA:7,0
DA:12,0
DA:17,0
LF:7
LH:0
BRF:0
BRH:0
end_of_record
TN:
SF:src\app\page.tsx
FN:7,(anonymous_10)
FN:7,(anonymous_11)
FN:7,(anonymous_12)
FN:8,(anonymous_13)
FN:19,(anonymous_14)
FN:19,(anonymous_15)
FN:19,(anonymous_16)
FN:20,(anonymous_17)
FN:31,Home
FN:37,(anonymous_19)
FN:42,(anonymous_20)
FN:47,(anonymous_21)
FN:50,(anonymous_22)
FN:82,(anonymous_23)
FN:99,(anonymous_24)
FN:102,(anonymous_25)
FN:109,(anonymous_26)
FNF:17
FNH:0
FNDA:0,(anonymous_10)
FNDA:0,(anonymous_11)
FNDA:0,(anonymous_12)
FNDA:0,(anonymous_13)
FNDA:0,(anonymous_14)
FNDA:0,(anonymous_15)
FNDA:0,(anonymous_16)
FNDA:0,(anonymous_17)
FNDA:0,Home
FNDA:0,(anonymous_19)
FNDA:0,(anonymous_20)
FNDA:0,(anonymous_21)
FNDA:0,(anonymous_22)
FNDA:0,(anonymous_23)
FNDA:0,(anonymous_24)
FNDA:0,(anonymous_25)
FNDA:0,(anonymous_26)
DA:3,0
DA:4,0
DA:7,0
DA:9,0
DA:19,0
DA:21,0
DA:31,0
DA:32,0
DA:33,0
DA:34,0
DA:37,0
DA:38,0
DA:42,0
DA:43,0
DA:45,0
DA:47,0
DA:48,0
DA:50,0
DA:53,0
DA:55,0
DA:58,0
DA:61,0
DA:62,0
DA:65,0
DA:67,0
DA:69,0
DA:71,0
DA:73,0
DA:74,0
DA:79,0
DA:82,0
DA:83,0
DA:88,0
DA:89,0
DA:99,0
DA:100,0
DA:102,0
DA:104,0
DA:106,0
DA:109,0
DA:110,0
DA:111,0
DA:115,0
LF:43
LH:0
BRDA:43,0,0,0
BRDA:43,0,1,0
BRDA:55,1,0,0
BRDA:55,1,1,0
BRDA:58,2,0,0
BRDA:58,2,1,0
BRDA:58,2,2,0
BRDA:61,3,0,0
BRDA:61,3,1,0
BRDA:67,4,0,0
BRDA:67,4,1,0
BRDA:69,5,0,0
BRDA:69,5,1,0
BRDA:73,6,0,0
BRDA:73,6,1,0
BRDA:88,7,0,0
BRDA:88,7,1,0
BRDA:88,8,0,0
BRDA:88,8,1,0
BRDA:115,9,0,0
BRDA:115,9,1,0
BRF:21
BRH:0
end_of_record
TN:
SF:src\app\providers.tsx
FN:5,Providers
FNF:1
FNH:0
FNDA:0,Providers
DA:3,0
DA:5,0
DA:6,0
LF:3
LH:0
BRF:0
BRH:0
end_of_record
TN:
SF:src\components\AIAssistant.tsx
FN:16,AIAssistant
FN:26,(anonymous_1)
FN:30,(anonymous_2)
FN:46,(anonymous_3)
FN:51,(anonymous_4)
FN:69,(anonymous_5)
FN:80,(anonymous_6)
FN:86,(anonymous_7)
FN:99,(anonymous_8)
FN:110,(anonymous_9)
FN:128,(anonymous_10)
FN:149,(anonymous_11)
FN:179,(anonymous_12)
FN:180,(anonymous_13)
FNF:14
FNH:0
FNDA:0,AIAssistant
FNDA:0,(anonymous_1)
FNDA:0,(anonymous_2)
FNDA:0,(anonymous_3)
FNDA:0,(anonymous_4)
FNDA:0,(anonymous_5)
FNDA:0,(anonymous_6)
FNDA:0,(anonymous_7)
FNDA:0,(anonymous_8)
FNDA:0,(anonymous_9)
FNDA:0,(anonymous_10)
FNDA:0,(anonymous_11)
FNDA:0,(anonymous_12)
FNDA:0,(anonymous_13)
DA:1,0
DA:2,0
DA:3,0
DA:4,0
DA:16,0
DA:17,0
DA:18,0
DA:19,0
DA:20,0
DA:21,0
DA:23,0
DA:24,0
DA:26,0
DA:27,0
DA:30,0
DA:31,0
DA:38,0
DA:39,0
DA:40,0
DA:41,0
DA:43,0
DA:46,0
DA:47,0
DA:49,0
DA:50,0
DA:51,0
DA:52,0
DA:53,0
DA:55,0
DA:56,0
DA:57,0
DA:59,0
DA:69,0
DA:77,0
DA:79,0
DA:80,0
DA:86,0
DA:92,0
DA:96,0
DA:99,0
DA:110,0
DA:128,0
DA:150,0
DA:179,0
DA:181,0
DA:182,0
DA:183,0
LF:47
LH:0
BRDA:23,0,0,0
BRDA:23,0,1,0
BRDA:24,1,0,0
BRDA:24,1,1,0
BRDA:36,2,0,0
BRDA:36,2,1,0
BRDA:38,3,0,0
BRDA:38,3,1,0
BRDA:40,4,0,0
BRDA:40,4,1,0
BRDA:47,5,0,0
BRDA:47,5,1,0
BRDA:47,6,0,0
BRDA:47,6,1,0
BRDA:57,7,0,0
BRDA:57,7,1,0
BRDA:77,8,0,0
BRDA:77,8,1,0
BRDA:82,9,0,0
BRDA:82,9,1,0
BRDA:107,10,0,0
BRDA:107,10,1,0
BRDA:117,11,0,0
BRDA:117,11,1,0
BRDA:143,12,0,0
BRDA:143,12,1,0
BRDA:150,13,0,0
BRDA:150,13,1,0
BRDA:152,14,0,0
BRDA:152,14,1,0
BRDA:155,15,0,0
BRDA:155,15,1,0
BRDA:161,16,0,0
BRDA:161,16,1,0
BRDA:181,17,0,0
BRDA:181,17,1,0
BRDA:181,18,0,0
BRDA:181,18,1,0
BRDA:194,19,0,0
BRDA:194,19,1,0
BRDA:199,20,0,0
BRDA:199,20,1,0
BRF:42
BRH:0
end_of_record
TN:
SF:src\components\AIAssistantFixed.tsx
FN:20,AIAssistant
FN:35,(anonymous_1)
FN:41,(anonymous_2)
FN:42,(anonymous_3)
FN:105,(anonymous_4)
FN:115,(anonymous_5)
FN:129,(anonymous_6)
FN:137,(anonymous_7)
FN:143,(anonymous_8)
FN:177,(anonymous_9)
FN:236,(anonymous_10)
FN:241,(anonymous_11)
FN:255,(anonymous_12)
FNF:13
FNH:0
FNDA:0,AIAssistant
FNDA:0,(anonymous_1)
FNDA:0,(anonymous_2)
FNDA:0,(anonymous_3)
FNDA:0,(anonymous_4)
FNDA:0,(anonymous_5)
FNDA:0,(anonymous_6)
FNDA:0,(anonymous_7)
FNDA:0,(anonymous_8)
FNDA:0,(anonymous_9)
FNDA:0,(anonymous_10)
FNDA:0,(anonymous_11)
FNDA:0,(anonymous_12)
DA:1,0
DA:2,0
DA:3,0
DA:4,0
DA:5,0
DA:6,0
DA:7,0
DA:20,0
DA:21,0
DA:29,0
DA:30,0
DA:31,0
DA:33,0
DA:35,0
DA:36,0
DA:37,0
DA:41,0
DA:42,0
DA:44,0
DA:46,0
DA:47,0
DA:50,0
DA:51,0
DA:59,0
DA:60,0
DA:68,0
DA:69,0
DA:76,0
DA:77,0
DA:85,0
DA:86,0
DA:94,0
DA:95,0
DA:102,0
DA:105,0
DA:106,0
DA:108,0
DA:115,0
DA:116,0
DA:117,0
DA:119,0
DA:120,0
DA:122,0
DA:129,0
DA:131,0
DA:137,0
DA:139,0
DA:143,0
DA:144,0
DA:145,0
DA:146,0
DA:150,0
DA:158,0
DA:178,0
DA:237,0
DA:241,0
DA:255,0
LF:57
LH:0
BRDA:33,0,0,0
BRDA:33,0,1,0
BRDA:36,1,0,0
BRDA:36,1,1,0
BRDA:46,2,0,0
BRDA:46,2,1,0
BRDA:46,3,0,0
BRDA:46,3,1,0
BRDA:50,4,0,0
BRDA:50,4,1,0
BRDA:59,5,0,0
BRDA:59,5,1,0
BRDA:59,6,0,0
BRDA:59,6,1,0
BRDA:68,7,0,0
BRDA:68,7,1,0
BRDA:68,8,0,0
BRDA:68,8,1,0
BRDA:76,9,0,0
BRDA:76,9,1,0
BRDA:76,10,0,0
BRDA:76,10,1,0
BRDA:85,11,0,0
BRDA:85,11,1,0
BRDA:85,12,0,0
BRDA:85,12,1,0
BRDA:94,13,0,0
BRDA:94,13,1,0
BRDA:94,14,0,0
BRDA:94,14,1,0
BRDA:106,15,0,0
BRDA:106,15,1,0
BRDA:106,16,0,0
BRDA:106,16,1,0
BRDA:144,17,0,0
BRDA:144,17,1,0
BRDA:144,18,0,0
BRDA:144,18,1,0
BRDA:184,19,0,0
BRDA:184,19,1,0
BRDA:187,20,0,0
BRDA:187,20,1,0
BRDA:195,21,0,0
BRDA:195,21,1,0
BRDA:206,22,0,0
BRDA:206,22,1,0
BRDA:215,23,0,0
BRDA:215,23,1,0
BRDA:232,24,0,0
BRDA:232,24,1,0
BRDA:263,25,0,0
BRDA:263,25,1,0
BRDA:266,26,0,0
BRDA:266,26,1,0
BRF:54
BRH:0
end_of_record
TN:
SF:src\components\AIAssistantRobust.tsx
FN:24,AIAssistant
FN:56,(anonymous_1)
FN:69,(anonymous_2)
FN:73,(anonymous_3)
FN:85,(anonymous_4)
FN:151,(anonymous_5)
FN:151,(anonymous_6)
FN:181,(anonymous_7)
FN:191,(anonymous_8)
FN:195,(anonymous_9)
FN:197,(anonymous_10)
FN:202,(anonymous_11)
FN:234,(anonymous_12)
FN:255,(anonymous_13)
FN:276,(anonymous_14)
FN:281,(anonymous_15)
FN:318,(anonymous_16)
FN:320,(anonymous_17)
FNF:18
FNH:0
FNDA:0,AIAssistant
FNDA:0,(anonymous_1)
FNDA:0,(anonymous_2)
FNDA:0,(anonymous_3)
FNDA:0,(anonymous_4)
FNDA:0,(anonymous_5)
FNDA:0,(anonymous_6)
FNDA:0,(anonymous_7)
FNDA:0,(anonymous_8)
FNDA:0,(anonymous_9)
FNDA:0,(anonymous_10)
FNDA:0,(anonymous_11)
FNDA:0,(anonymous_12)
FNDA:0,(anonymous_13)
FNDA:0,(anonymous_14)
FNDA:0,(anonymous_15)
FNDA:0,(anonymous_16)
FNDA:0,(anonymous_17)
DA:1,0
DA:2,0
DA:3,0
DA:4,0
DA:5,0
DA:6,0
DA:7,0
DA:24,0
DA:25,0
DA:26,0
DA:27,0
DA:28,0
DA:29,0
DA:31,0
DA:47,0
DA:56,0
DA:57,0
DA:58,0
DA:65,0
DA:69,0
DA:70,0
DA:73,0
DA:74,0
DA:82,0
DA:85,0
DA:86,0
DA:129,0
DA:131,0
DA:132,0
DA:151,0
DA:159,0
DA:161,0
DA:162,0
DA:164,0
DA:172,0
DA:181,0
DA:182,0
DA:184,0
DA:191,0
DA:192,0
DA:193,0
DA:195,0
DA:196,0
DA:197,0
DA:198,0
DA:202,0
DA:203,0
DA:206,0
DA:208,0
DA:234,0
DA:256,0
DA:277,0
DA:281,0
DA:318,0
DA:320,0
LF:55
LH:0
BRDA:24,0,0,0
BRDA:24,1,0,0
BRDA:57,2,0,0
BRDA:57,2,1,0
BRDA:57,3,0,0
BRDA:57,3,1,0
BRDA:61,4,0,0
BRDA:61,4,1,0
BRDA:82,5,0,0
BRDA:82,5,1,0
BRDA:129,6,0,0
BRDA:129,6,1,0
BRDA:147,7,0,0
BRDA:147,7,1,0
BRDA:159,8,0,0
BRDA:159,8,1,0
BRDA:162,9,0,0
BRDA:162,9,1,0
BRDA:182,10,0,0
BRDA:182,10,1,0
BRDA:206,11,0,0
BRDA:206,11,1,0
BRDA:216,12,0,0
BRDA:216,12,1,0
BRDA:217,13,0,0
BRDA:217,13,1,0
BRDA:237,14,0,0
BRDA:237,14,1,0
BRDA:251,15,0,0
BRDA:251,15,1,0
BRDA:260,16,0,0
BRDA:260,16,1,0
BRDA:263,17,0,0
BRDA:263,17,1,0
BRDA:267,18,0,0
BRDA:267,18,1,0
BRDA:274,19,0,0
BRDA:274,19,1,0
BRDA:293,20,0,0
BRDA:293,20,1,0
BRDA:320,21,0,0
BRDA:320,21,1,0
BRDA:325,22,0,0
BRDA:325,22,1,0
BRF:44
BRH:0
end_of_record
TN:
SF:src\components\AIDiagnosisHelper.tsx
FN:17,AIDiagnosisHelper
FN:31,(anonymous_1)
FN:36,(anonymous_2)
FN:41,(anonymous_3)
FN:44,(anonymous_4)
FN:62,(anonymous_5)
FN:68,(anonymous_6)
FNF:7
FNH:0
FNDA:0,AIDiagnosisHelper
FNDA:0,(anonymous_1)
FNDA:0,(anonymous_2)
FNDA:0,(anonymous_3)
FNDA:0,(anonymous_4)
FNDA:0,(anonymous_5)
FNDA:0,(anonymous_6)
DA:3,0
DA:4,0
DA:5,0
DA:7,0
DA:8,0
DA:9,0
DA:17,0
DA:18,0
DA:19,0
DA:20,0
DA:21,0
DA:23,0
DA:29,0
DA:31,0
DA:32,0
DA:33,0
DA:36,0
DA:37,0
DA:38,0
DA:39,0
DA:40,0
DA:41,0
DA:44,0
DA:45,0
DA:46,0
DA:47,0
DA:48,0
DA:49,0
DA:52,0
DA:63,0
DA:68,0
LF:31
LH:0
BRDA:24,0,0,0
BRDA:24,0,1,0
BRDA:25,1,0,0
BRDA:25,1,1,0
BRDA:26,2,0,0
BRDA:26,2,1,0
BRDA:26,3,0,0
BRDA:26,3,1,0
BRDA:37,4,0,0
BRDA:37,4,1,0
BRDA:45,5,0,0
BRDA:45,5,1,0
BRDA:45,6,0,0
BRDA:45,6,1,0
BRDA:46,7,0,0
BRDA:46,7,1,0
BRDA:47,8,0,0
BRDA:47,8,1,0
BRDA:48,9,0,0
BRDA:48,9,1,0
BRDA:66,10,0,0
BRDA:66,10,1,0
BRDA:76,11,0,0
BRDA:76,11,1,0
BRDA:77,12,0,0
BRDA:77,12,1,0
BRDA:77,13,0,0
BRDA:77,13,1,0
BRDA:80,14,0,0
BRDA:80,14,1,0
BRDA:87,15,0,0
BRDA:87,15,1,0
BRDA:90,16,0,0
BRDA:90,16,1,0
BRF:34
BRH:0
end_of_record
TN:
SF:src\components\AIInsightPanel.tsx
FN:18,AIInsightPanel
FN:31,(anonymous_1)
FN:65,(anonymous_2)
FNF:3
FNH:0
FNDA:0,AIInsightPanel
FNDA:0,(anonymous_1)
FNDA:0,(anonymous_2)
DA:3,0
DA:4,0
DA:5,0
DA:6,0
DA:7,0
DA:18,0
DA:26,0
DA:27,0
DA:28,0
DA:29,0
DA:31,0
DA:32,0
DA:33,0
DA:34,0
DA:38,0
DA:39,0
DA:42,0
DA:43,0
DA:51,0
DA:65,0
LF:20
LH:0
BRDA:19,0,0,0
BRDA:22,1,0,0
BRDA:23,2,0,0
BRDA:24,3,0,0
BRDA:38,4,0,0
BRDA:38,4,1,0
BRDA:38,5,0,0
BRDA:38,5,1,0
BRDA:38,5,2,0
BRDA:42,6,0,0
BRDA:42,6,1,0
BRDA:42,7,0,0
BRDA:42,7,1,0
BRDA:42,7,2,0
BRDA:60,8,0,0
BRDA:60,8,1,0
BRDA:66,9,0,0
BRDA:66,9,1,0
BRDA:72,10,0,0
BRDA:72,10,1,0
BRDA:74,11,0,0
BRDA:74,11,1,0
BRDA:81,12,0,0
BRDA:81,12,1,0
BRDA:88,13,0,0
BRDA:88,13,1,0
BRDA:88,13,2,0
BRDA:88,13,3,0
BRDA:95,14,0,0
BRDA:95,14,1,0
BRF:30
BRH:0
end_of_record
TN:
SF:src\components\AccessDenied.tsx
FN:10,AccessDenied
FNF:1
FNH:0
FNDA:0,AccessDenied
DA:1,0
DA:2,0
DA:10,0
DA:11,0
LF:4
LH:0
BRDA:25,0,0,0
BRDA:25,0,1,0
BRDA:25,0,2,0
BRDA:31,1,0,0
BRDA:31,1,1,0
BRF:5
BRH:0
end_of_record
TN:
SF:src\components\ActivityPage.tsx
FN:6,ActivityPage
FN:14,(anonymous_1)
FN:15,(anonymous_2)
FN:24,(anonymous_3)
FN:26,(anonymous_4)
FN:53,(anonymous_5)
FNF:6
FNH:0
FNDA:0,ActivityPage
FNDA:0,(anonymous_1)
FNDA:0,(anonymous_2)
FNDA:0,(anonymous_3)
FNDA:0,(anonymous_4)
FNDA:0,(anonymous_5)
DA:1,0
DA:2,0
DA:3,0
DA:4,0
DA:6,0
DA:7,0
DA:14,0
DA:15,0
DA:17,0
DA:24,0
DA:26,0
DA:29,0
DA:54,0
LF:13
LH:0
BRF:0
BRH:0
end_of_record
TN:
SF:src\components\AdminDashboard.tsx
FN:62,AdminDashboard
FN:75,(anonymous_1)
FN:81,(anonymous_2)
FN:87,(anonymous_3)
FN:103,(anonymous_4)
FN:108,(anonymous_5)
FN:147,(anonymous_6)
FN:151,(anonymous_7)
FN:167,(anonymous_8)
FN:179,(anonymous_9)
FN:196,(anonymous_10)
FN:268,(anonymous_11)
FN:477,(anonymous_12)
FN:482,(anonymous_13)
FN:490,(anonymous_14)
FN:512,(anonymous_15)
FNF:16
FNH:0
FNDA:0,AdminDashboard
FNDA:0,(anonymous_1)
FNDA:0,(anonymous_2)
FNDA:0,(anonymous_3)
FNDA:0,(anonymous_4)
FNDA:0,(anonymous_5)
FNDA:0,(anonymous_6)
FNDA:0,(anonymous_7)
FNDA:0,(anonymous_8)
FNDA:0,(anonymous_9)
FNDA:0,(anonymous_10)
FNDA:0,(anonymous_11)
FNDA:0,(anonymous_12)
FNDA:0,(anonymous_13)
FNDA:0,(anonymous_14)
FNDA:0,(anonymous_15)
DA:1,0
DA:2,0
DA:3,0
DA:4,0
DA:10,0
DA:11,0
DA:12,0
DA:13,0
DA:14,0
DA:15,0
DA:16,0
DA:45,0
DA:62,0
DA:63,0
DA:75,0
DA:76,0
DA:77,0
DA:78,0
DA:81,0
DA:82,0
DA:83,0
DA:84,0
DA:87,0
DA:88,0
DA:89,0
DA:90,0
DA:94,0
DA:103,0
DA:104,0
DA:105,0
DA:108,0
DA:109,0
DA:110,0
DA:111,0
DA:127,0
DA:137,0
DA:145,0
DA:147,0
DA:148,0
DA:151,0
DA:152,0
DA:153,0
DA:154,0
DA:161,0
DA:162,0
DA:163,0
DA:166,0
DA:167,0
DA:168,0
DA:178,0
DA:179,0
DA:180,0
DA:189,0
DA:192,0
DA:196,0
DA:197,0
DA:198,0
DA:199,0
DA:201,0
DA:202,0
DA:203,0
DA:204,0
DA:207,0
DA:242,0
DA:269,0
DA:270,0
DA:477,0
DA:483,0
DA:491,0
DA:513,0
DA:514,0
LF:71
LH:0
BRDA:112,0,0,0
BRDA:112,0,1,0
BRDA:113,1,0,0
BRDA:113,1,1,0
BRDA:114,2,0,0
BRDA:114,2,1,0
BRDA:115,3,0,0
BRDA:115,3,1,0
BRDA:116,4,0,0
BRDA:116,4,1,0
BRDA:117,5,0,0
BRDA:117,5,1,0
BRDA:118,6,0,0
BRDA:118,6,1,0
BRDA:119,7,0,0
BRDA:119,7,1,0
BRDA:153,8,0,0
BRDA:153,8,1,0
BRDA:161,9,0,0
BRDA:161,9,1,0
BRDA:166,10,0,0
BRDA:166,10,1,0
BRDA:178,11,0,0
BRDA:178,11,1,0
BRDA:201,12,0,0
BRDA:201,12,1,0
BRDA:202,13,0,0
BRDA:202,13,1,0
BRDA:203,14,0,0
BRDA:203,14,1,0
BRDA:258,15,0,0
BRDA:258,15,1,0
BRDA:260,16,0,0
BRDA:260,16,1,0
BRDA:337,17,0,0
BRDA:337,17,1,0
BRF:36
BRH:0
end_of_record
TN:
SF:src\components\AmbulanceDispatch.tsx
FN:42,AmbulanceDispatch
FN:52,(anonymous_1)
FN:56,(anonymous_2)
FN:122,(anonymous_3)
FN:146,(anonymous_4)
FN:148,(anonymous_5)
FN:160,(anonymous_6)
FN:171,(anonymous_7)
FN:174,(anonymous_8)
FN:185,(anonymous_9)
FN:201,(anonymous_10)
FN:216,(anonymous_11)
FN:226,(anonymous_12)
FN:227,(anonymous_13)
FN:229,(anonymous_14)
FN:243,(anonymous_15)
FN:261,(anonymous_16)
FN:275,(anonymous_17)
FN:285,(anonymous_18)
FN:296,(anonymous_19)
FN:314,(anonymous_20)
FN:322,(anonymous_21)
FN:363,(anonymous_22)
FN:412,(anonymous_23)
FN:420,(anonymous_24)
FN:428,(anonymous_25)
FN:443,(anonymous_26)
FN:506,(anonymous_27)
FN:512,(anonymous_28)
FN:520,(anonymous_29)
FN:529,(anonymous_30)
FN:538,(anonymous_31)
FN:557,(anonymous_32)
FN:575,(anonymous_33)
FN:584,(anonymous_34)
FN:611,(anonymous_35)
FN:615,(anonymous_36)
FNF:37
FNH:0
FNDA:0,AmbulanceDispatch
FNDA:0,(anonymous_1)
FNDA:0,(anonymous_2)
FNDA:0,(anonymous_3)
FNDA:0,(anonymous_4)
FNDA:0,(anonymous_5)
FNDA:0,(anonymous_6)
FNDA:0,(anonymous_7)
FNDA:0,(anonymous_8)
FNDA:0,(anonymous_9)
FNDA:0,(anonymous_10)
FNDA:0,(anonymous_11)
FNDA:0,(anonymous_12)
FNDA:0,(anonymous_13)
FNDA:0,(anonymous_14)
FNDA:0,(anonymous_15)
FNDA:0,(anonymous_16)
FNDA:0,(anonymous_17)
FNDA:0,(anonymous_18)
FNDA:0,(anonymous_19)
FNDA:0,(anonymous_20)
FNDA:0,(anonymous_21)
FNDA:0,(anonymous_22)
FNDA:0,(anonymous_23)
FNDA:0,(anonymous_24)
FNDA:0,(anonymous_25)
FNDA:0,(anonymous_26)
FNDA:0,(anonymous_27)
FNDA:0,(anonymous_28)
FNDA:0,(anonymous_29)
FNDA:0,(anonymous_30)
FNDA:0,(anonymous_31)
FNDA:0,(anonymous_32)
FNDA:0,(anonymous_33)
FNDA:0,(anonymous_34)
FNDA:0,(anonymous_35)
FNDA:0,(anonymous_36)
DA:1,0
DA:2,0
DA:3,0
DA:4,0
DA:5,0
DA:6,0
DA:7,0
DA:8,0
DA:9,0
DA:10,0
DA:11,0
DA:12,0
DA:42,0
DA:43,0
DA:44,0
DA:45,0
DA:46,0
DA:47,0
DA:48,0
DA:49,0
DA:50,0
DA:52,0
DA:53,0
DA:56,0
DA:58,0
DA:91,0
DA:118,0
DA:119,0
DA:122,0
DA:123,0
DA:124,0
DA:125,0
DA:128,0
DA:140,0
DA:141,0
DA:142,0
DA:143,0
DA:146,0
DA:148,0
DA:149,0
DA:160,0
DA:161,0
DA:166,0
DA:167,0
DA:168,0
DA:171,0
DA:172,0
DA:174,0
DA:175,0
DA:176,0
DA:178,0
DA:179,0
DA:180,0
DA:181,0
DA:184,0
DA:185,0
DA:186,0
DA:193,0
DA:195,0
DA:198,0
DA:201,0
DA:202,0
DA:203,0
DA:204,0
DA:205,0
DA:206,0
DA:207,0
DA:208,0
DA:209,0
DA:210,0
DA:211,0
DA:212,0
DA:216,0
DA:217,0
DA:218,0
DA:219,0
DA:220,0
DA:221,0
DA:222,0
DA:226,0
DA:227,0
DA:229,0
DA:230,0
DA:235,0
DA:243,0
DA:261,0
DA:275,0
DA:285,0
DA:296,0
DA:314,0
DA:323,0
DA:364,0
DA:365,0
DA:412,0
DA:420,0
DA:428,0
DA:444,0
DA:506,0
DA:512,0
DA:520,0
DA:529,0
DA:538,0
DA:557,0
DA:575,0
DA:584,0
DA:612,0
DA:615,0
LF:107
LH:0
BRDA:123,0,0,0
BRDA:123,0,1,0
BRDA:123,1,0,0
BRDA:123,1,1,0
BRDA:123,1,2,0
BRDA:132,2,0,0
BRDA:132,2,1,0
BRDA:135,3,0,0
BRDA:135,3,1,0
BRDA:136,4,0,0
BRDA:136,4,1,0
BRDA:149,5,0,0
BRDA:149,5,1,0
BRDA:161,6,0,0
BRDA:161,6,1,0
BRDA:175,7,0,0
BRDA:175,7,1,0
BRDA:178,8,0,0
BRDA:178,8,1,0
BRDA:180,9,0,0
BRDA:180,9,1,0
BRDA:184,10,0,0
BRDA:184,10,1,0
BRDA:186,11,0,0
BRDA:186,11,1,0
BRDA:202,12,0,0
BRDA:202,12,1,0
BRDA:202,12,2,0
BRDA:202,12,3,0
BRDA:202,12,4,0
BRDA:202,12,5,0
BRDA:202,12,6,0
BRDA:202,12,7,0
BRDA:202,12,8,0
BRDA:202,12,9,0
BRDA:217,13,0,0
BRDA:217,13,1,0
BRDA:217,13,2,0
BRDA:217,13,3,0
BRDA:217,13,4,0
BRDA:230,14,0,0
BRDA:230,14,1,0
BRDA:230,14,2,0
BRDA:287,15,0,0
BRDA:287,15,1,0
BRDA:298,16,0,0
BRDA:298,16,1,0
BRDA:320,17,0,0
BRDA:320,17,1,0
BRDA:328,18,0,0
BRDA:328,18,1,0
BRDA:329,19,0,0
BRDA:329,19,1,0
BRDA:336,20,0,0
BRDA:336,20,1,0
BRDA:337,21,0,0
BRDA:337,21,1,0
BRDA:341,22,0,0
BRDA:341,22,1,0
BRDA:342,23,0,0
BRDA:342,23,1,0
BRDA:360,24,0,0
BRDA:360,24,1,0
BRDA:395,25,0,0
BRDA:395,25,1,0
BRDA:399,26,0,0
BRDA:399,26,1,0
BRDA:407,27,0,0
BRDA:407,27,1,0
BRDA:407,27,2,0
BRDA:407,27,3,0
BRDA:409,28,0,0
BRDA:409,28,1,0
BRDA:417,29,0,0
BRDA:417,29,1,0
BRDA:425,30,0,0
BRDA:425,30,1,0
BRDA:441,31,0,0
BRDA:441,31,1,0
BRDA:475,32,0,0
BRDA:475,32,1,0
BRDA:476,33,0,0
BRDA:476,33,1,0
BRDA:511,34,0,0
BRDA:511,34,1,0
BRDA:519,35,0,0
BRDA:519,35,1,0
BRDA:528,36,0,0
BRDA:528,36,1,0
BRDA:537,37,0,0
BRDA:537,37,1,0
BRDA:556,38,0,0
BRDA:556,38,1,0
BRDA:574,39,0,0
BRDA:574,39,1,0
BRDA:598,40,0,0
BRDA:598,40,1,0
BRDA:627,41,0,0
BRDA:627,41,1,0
BRF:99
BRH:0
end_of_record
TN:
SF:src\components\AmbulanceManagement.tsx
FN:31,AmbulanceManagement
FN:37,(anonymous_1)
FN:38,(anonymous_2)
FN:41,(anonymous_3)
FN:47,(anonymous_4)
FN:71,(anonymous_5)
FN:73,(anonymous_6)
FN:77,(anonymous_7)
FN:80,(anonymous_8)
FN:98,(anonymous_9)
FN:114,(anonymous_10)
FN:123,(anonymous_11)
FN:133,(anonymous_12)
FN:145,(anonymous_13)
FN:154,(anonymous_14)
FN:165,(anonymous_15)
FN:171,(anonymous_16)
FN:185,(anonymous_17)
FN:204,(anonymous_18)
FN:218,(anonymous_19)
FN:235,(anonymous_20)
FNF:21
FNH:0
FNDA:0,AmbulanceManagement
FNDA:0,(anonymous_1)
FNDA:0,(anonymous_2)
FNDA:0,(anonymous_3)
FNDA:0,(anonymous_4)
FNDA:0,(anonymous_5)
FNDA:0,(anonymous_6)
FNDA:0,(anonymous_7)
FNDA:0,(anonymous_8)
FNDA:0,(anonymous_9)
FNDA:0,(anonymous_10)
FNDA:0,(anonymous_11)
FNDA:0,(anonymous_12)
FNDA:0,(anonymous_13)
FNDA:0,(anonymous_14)
FNDA:0,(anonymous_15)
FNDA:0,(anonymous_16)
FNDA:0,(anonymous_17)
FNDA:0,(anonymous_18)
FNDA:0,(anonymous_19)
FNDA:0,(anonymous_20)
DA:1,0
DA:2,0
DA:3,0
DA:4,0
DA:5,0
DA:6,0
DA:7,0
DA:8,0
DA:9,0
DA:10,0
DA:11,0
DA:31,0
DA:32,0
DA:33,0
DA:34,0
DA:35,0
DA:37,0
DA:38,0
DA:41,0
DA:42,0
DA:47,0
DA:48,0
DA:49,0
DA:50,0
DA:53,0
DA:64,0
DA:66,0
DA:67,0
DA:68,0
DA:71,0
DA:72,0
DA:73,0
DA:74,0
DA:77,0
DA:78,0
DA:79,0
DA:80,0
DA:81,0
DA:84,0
DA:98,0
DA:114,0
DA:123,0
DA:133,0
DA:145,0
DA:154,0
DA:165,0
DA:171,0
DA:185,0
DA:205,0
DA:218,0
DA:235,0
LF:51
LH:0
BRDA:42,0,0,0
BRDA:42,0,1,0
BRDA:42,0,2,0
BRDA:48,1,0,0
BRDA:48,1,1,0
BRDA:48,2,0,0
BRDA:48,2,1,0
BRDA:48,2,2,0
BRDA:57,3,0,0
BRDA:57,3,1,0
BRDA:60,4,0,0
BRDA:60,4,1,0
BRDA:61,5,0,0
BRDA:61,5,1,0
BRDA:62,6,0,0
BRDA:62,6,1,0
BRDA:73,7,0,0
BRDA:73,7,1,0
BRDA:78,8,0,0
BRDA:78,8,1,0
BRDA:95,9,0,0
BRDA:95,9,1,0
BRDA:113,10,0,0
BRDA:113,10,1,0
BRDA:122,11,0,0
BRDA:122,11,1,0
BRDA:132,12,0,0
BRDA:132,12,1,0
BRDA:144,13,0,0
BRDA:144,13,1,0
BRDA:153,14,0,0
BRDA:153,14,1,0
BRDA:164,15,0,0
BRDA:164,15,1,0
BRDA:220,16,0,0
BRDA:220,16,1,0
BRDA:221,17,0,0
BRDA:221,17,1,0
BRDA:246,18,0,0
BRDA:246,18,1,0
BRF:40
BRH:0
end_of_record
TN:
SF:src\components\AppointmentManagement.tsx
FN:13,AppointmentManagement
FN:22,(anonymous_1)
FN:26,(anonymous_2)
FN:40,(anonymous_3)
FN:46,(anonymous_4)
FN:74,(anonymous_5)
FN:80,(anonymous_6)
FN:93,(anonymous_7)
FN:106,(anonymous_8)
FN:112,(anonymous_9)
FN:135,(anonymous_10)
FN:155,(anonymous_11)
FN:164,(anonymous_12)
FN:174,(anonymous_13)
FN:183,(anonymous_14)
FN:191,(anonymous_15)
FN:200,(anonymous_16)
FN:206,(anonymous_17)
FN:227,(anonymous_18)
FN:234,(anonymous_19)
FN:280,(anonymous_20)
FN:287,(anonymous_21)
FNF:22
FNH:0
FNDA:0,AppointmentManagement
FNDA:0,(anonymous_1)
FNDA:0,(anonymous_2)
FNDA:0,(anonymous_3)
FNDA:0,(anonymous_4)
FNDA:0,(anonymous_5)
FNDA:0,(anonymous_6)
FNDA:0,(anonymous_7)
FNDA:0,(anonymous_8)
FNDA:0,(anonymous_9)
FNDA:0,(anonymous_10)
FNDA:0,(anonymous_11)
FNDA:0,(anonymous_12)
FNDA:0,(anonymous_13)
FNDA:0,(anonymous_14)
FNDA:0,(anonymous_15)
FNDA:0,(anonymous_16)
FNDA:0,(anonymous_17)
FNDA:0,(anonymous_18)
FNDA:0,(anonymous_19)
FNDA:0,(anonymous_20)
FNDA:0,(anonymous_21)
DA:1,0
DA:2,0
DA:3,0
DA:4,0
DA:5,0
DA:6,0
DA:7,0
DA:8,0
DA:9,0
DA:10,0
DA:11,0
DA:13,0
DA:14,0
DA:15,0
DA:17,0
DA:18,0
DA:19,0
DA:20,0
DA:22,0
DA:23,0
DA:26,0
DA:27,0
DA:28,0
DA:29,0
DA:30,0
DA:32,0
DA:33,0
DA:34,0
DA:36,0
DA:40,0
DA:41,0
DA:46,0
DA:47,0
DA:48,0
DA:49,0
DA:52,0
DA:53,0
DA:54,0
DA:62,0
DA:63,0
DA:64,0
DA:65,0
DA:67,0
DA:68,0
DA:70,0
DA:74,0
DA:75,0
DA:76,0
DA:77,0
DA:80,0
DA:81,0
DA:83,0
DA:84,0
DA:85,0
DA:93,0
DA:94,0
DA:95,0
DA:96,0
DA:97,0
DA:99,0
DA:100,0
DA:102,0
DA:106,0
DA:107,0
DA:109,0
DA:110,0
DA:111,0
DA:112,0
DA:113,0
DA:115,0
DA:116,0
DA:118,0
DA:122,0
DA:136,0
DA:137,0
DA:155,0
DA:164,0
DA:174,0
DA:183,0
DA:191,0
DA:200,0
DA:206,0
DA:227,0
DA:235,0
DA:280,0
DA:287,0
LF:86
LH:0
BRDA:30,0,0,0
BRDA:30,0,1,0
BRDA:41,1,0,0
BRDA:41,1,1,0
BRDA:41,1,2,0
BRDA:47,2,0,0
BRDA:47,2,1,0
BRDA:47,3,0,0
BRDA:47,3,1,0
BRDA:47,3,2,0
BRDA:47,3,3,0
BRDA:59,4,0,0
BRDA:59,4,1,0
BRDA:81,5,0,0
BRDA:81,5,1,0
BRDA:86,6,0,0
BRDA:86,6,1,0
BRDA:87,7,0,0
BRDA:87,7,1,0
BRDA:88,8,0,0
BRDA:88,8,1,0
BRDA:89,9,0,0
BRDA:89,9,1,0
BRDA:90,10,0,0
BRDA:90,10,1,0
BRDA:93,11,0,0
BRDA:93,11,1,0
BRDA:107,12,0,0
BRDA:107,12,1,0
BRDA:147,13,0,0
BRDA:147,13,1,0
BRDA:154,14,0,0
BRDA:154,14,1,0
BRDA:163,15,0,0
BRDA:163,15,1,0
BRDA:173,16,0,0
BRDA:173,16,1,0
BRDA:182,17,0,0
BRDA:182,17,1,0
BRDA:190,18,0,0
BRDA:190,18,1,0
BRDA:199,19,0,0
BRDA:199,19,1,0
BRDA:210,20,0,0
BRDA:210,20,1,0
BRDA:213,21,0,0
BRDA:213,21,1,0
BRDA:213,22,0,0
BRDA:213,22,1,0
BRDA:263,23,0,0
BRDA:263,23,1,0
BRDA:264,24,0,0
BRDA:264,24,1,0
BRDA:293,25,0,0
BRDA:293,25,1,0
BRDA:302,26,0,0
BRDA:302,26,1,0
BRDA:304,27,0,0
BRDA:304,27,1,0
BRF:59
BRH:0
end_of_record
TN:
SF:src\components\AppointmentsPage.tsx
FN:25,AppointmentsPage
FN:45,(anonymous_1)
FN:49,(anonymous_2)
FN:62,(anonymous_3)
FN:82,(anonymous_4)
FN:88,(anonymous_5)
FN:94,(anonymous_6)
FN:102,(anonymous_7)
FN:103,(anonymous_8)
FN:104,(anonymous_9)
FN:107,(anonymous_10)
FN:114,(anonymous_11)
FN:136,(anonymous_12)
FN:140,(anonymous_13)
FN:142,(anonymous_14)
FN:169,(anonymous_15)
FN:206,(anonymous_16)
FN:223,(anonymous_17)
FN:232,(anonymous_18)
FN:242,(anonymous_19)
FN:251,(anonymous_20)
FN:256,(anonymous_21)
FN:273,(anonymous_22)
FN:282,(anonymous_23)
FN:288,(anonymous_24)
FN:310,(anonymous_25)
FN:328,(anonymous_26)
FN:369,(anonymous_27)
FN:413,(anonymous_28)
FN:421,(anonymous_29)
FNF:30
FNH:0
FNDA:0,AppointmentsPage
FNDA:0,(anonymous_1)
FNDA:0,(anonymous_2)
FNDA:0,(anonymous_3)
FNDA:0,(anonymous_4)
FNDA:0,(anonymous_5)
FNDA:0,(anonymous_6)
FNDA:0,(anonymous_7)
FNDA:0,(anonymous_8)
FNDA:0,(anonymous_9)
FNDA:0,(anonymous_10)
FNDA:0,(anonymous_11)
FNDA:0,(anonymous_12)
FNDA:0,(anonymous_13)
FNDA:0,(anonymous_14)
FNDA:0,(anonymous_15)
FNDA:0,(anonymous_16)
FNDA:0,(anonymous_17)
FNDA:0,(anonymous_18)
FNDA:0,(anonymous_19)
FNDA:0,(anonymous_20)
FNDA:0,(anonymous_21)
FNDA:0,(anonymous_22)
FNDA:0,(anonymous_23)
FNDA:0,(anonymous_24)
FNDA:0,(anonymous_25)
FNDA:0,(anonymous_26)
FNDA:0,(anonymous_27)
FNDA:0,(anonymous_28)
FNDA:0,(anonymous_29)
DA:1,0
DA:2,0
DA:3,0
DA:4,0
DA:5,0
DA:6,0
DA:7,0
DA:8,0
DA:9,0
DA:10,0
DA:11,0
DA:12,0
DA:13,0
DA:14,0
DA:15,0
DA:16,0
DA:17,0
DA:25,0
DA:26,0
DA:27,0
DA:28,0
DA:29,0
DA:30,0
DA:32,0
DA:37,0
DA:43,0
DA:45,0
DA:46,0
DA:49,0
DA:50,0
DA:51,0
DA:53,0
DA:54,0
DA:56,0
DA:57,0
DA:58,0
DA:62,0
DA:63,0
DA:68,0
DA:69,0
DA:73,0
DA:82,0
DA:88,0
DA:94,0
DA:101,0
DA:102,0
DA:103,0
DA:104,0
DA:107,0
DA:108,0
DA:109,0
DA:110,0
DA:113,0
DA:114,0
DA:115,0
DA:124,0
DA:126,0
DA:127,0
DA:129,0
DA:132,0
DA:136,0
DA:137,0
DA:139,0
DA:140,0
DA:141,0
DA:142,0
DA:143,0
DA:144,0
DA:147,0
DA:151,0
DA:170,0
DA:171,0
DA:206,0
DA:223,0
DA:232,0
DA:242,0
DA:251,0
DA:256,0
DA:273,0
DA:282,0
DA:288,0
DA:310,0
DA:329,0
DA:369,0
DA:414,0
DA:422,0
LF:86
LH:0
BRDA:43,0,0,0
BRDA:43,0,1,0
BRDA:53,1,0,0
BRDA:53,1,1,0
BRDA:63,2,0,0
BRDA:63,2,1,0
BRDA:63,2,2,0
BRDA:63,2,3,0
BRDA:68,3,0,0
BRDA:68,3,1,0
BRDA:69,4,0,0
BRDA:69,4,1,0
BRDA:108,5,0,0
BRDA:108,5,1,0
BRDA:108,6,0,0
BRDA:108,6,1,0
BRDA:108,6,2,0
BRDA:116,7,0,0
BRDA:116,7,1,0
BRDA:120,8,0,0
BRDA:120,8,1,0
BRDA:137,9,0,0
BRDA:137,9,1,0
BRDA:163,10,0,0
BRDA:163,10,1,0
BRDA:231,11,0,0
BRDA:231,11,1,0
BRDA:241,12,0,0
BRDA:241,12,1,0
BRDA:250,13,0,0
BRDA:250,13,1,0
BRDA:256,14,0,0
BRDA:256,14,1,0
BRDA:272,15,0,0
BRDA:272,15,1,0
BRDA:281,16,0,0
BRDA:281,16,1,0
BRDA:293,17,0,0
BRDA:293,17,1,0
BRDA:293,17,2,0
BRDA:293,17,3,0
BRDA:296,18,0,0
BRDA:296,18,1,0
BRDA:355,19,0,0
BRDA:355,19,1,0
BRDA:356,20,0,0
BRDA:356,20,1,0
BRDA:375,21,0,0
BRDA:375,21,1,0
BRDA:384,22,0,0
BRDA:384,22,1,0
BRF:51
BRH:0
end_of_record
TN:
SF:src\components\AttendanceManagement.tsx
FN:28,AttendanceManagement
FN:36,(anonymous_1)
FN:41,(anonymous_2)
FN:44,(anonymous_3)
FN:50,(anonymous_4)
FN:59,(anonymous_5)
FN:61,(anonymous_6)
FN:62,(anonymous_7)
FN:79,(anonymous_8)
FN:87,(anonymous_9)
FN:88,(anonymous_10)
FN:92,(anonymous_11)
FN:93,(anonymous_12)
FN:97,(anonymous_13)
FN:101,(anonymous_14)
FN:103,(anonymous_15)
FN:166,(anonymous_16)
FN:181,(anonymous_17)
FN:181,(anonymous_18)
FN:181,(anonymous_19)
FN:188,(anonymous_20)
FN:191,(anonymous_21)
FN:194,(anonymous_22)
FN:197,(anonymous_23)
FN:215,(anonymous_24)
FN:233,(anonymous_25)
FN:251,(anonymous_26)
FNF:27
FNH:0
FNDA:0,AttendanceManagement
FNDA:0,(anonymous_1)
FNDA:0,(anonymous_2)
FNDA:0,(anonymous_3)
FNDA:0,(anonymous_4)
FNDA:0,(anonymous_5)
FNDA:0,(anonymous_6)
FNDA:0,(anonymous_7)
FNDA:0,(anonymous_8)
FNDA:0,(anonymous_9)
FNDA:0,(anonymous_10)
FNDA:0,(anonymous_11)
FNDA:0,(anonymous_12)
FNDA:0,(anonymous_13)
FNDA:0,(anonymous_14)
FNDA:0,(anonymous_15)
FNDA:0,(anonymous_16)
FNDA:0,(anonymous_17)
FNDA:0,(anonymous_18)
FNDA:0,(anonymous_19)
FNDA:0,(anonymous_20)
FNDA:0,(anonymous_21)
FNDA:0,(anonymous_22)
FNDA:0,(anonymous_23)
FNDA:0,(anonymous_24)
FNDA:0,(anonymous_25)
FNDA:0,(anonymous_26)
DA:1,0
DA:2,0
DA:3,0
DA:4,0
DA:5,0
DA:6,0
DA:7,0
DA:9,0
DA:10,0
DA:28,0
DA:29,0
DA:30,0
DA:31,0
DA:32,0
DA:33,0
DA:34,0
DA:36,0
DA:37,0
DA:38,0
DA:41,0
DA:42,0
DA:43,0
DA:44,0
DA:46,0
DA:50,0
DA:51,0
DA:52,0
DA:53,0
DA:55,0
DA:59,0
DA:60,0
DA:61,0
DA:62,0
DA:64,0
DA:65,0
DA:66,0
DA:69,0
DA:79,0
DA:80,0
DA:81,0
DA:83,0
DA:87,0
DA:88,0
DA:89,0
DA:90,0
DA:91,0
DA:92,0
DA:93,0
DA:94,0
DA:97,0
DA:98,0
DA:101,0
DA:102,0
DA:103,0
DA:105,0
DA:166,0
DA:181,0
DA:182,0
DA:188,0
DA:191,0
DA:194,0
DA:197,0
DA:215,0
DA:234,0
DA:251,0
LF:65
LH:0
BRDA:53,0,0,0
BRDA:53,0,1,0
BRDA:64,1,0,0
BRDA:64,1,1,0
BRDA:72,2,0,0
BRDA:72,2,1,0
BRDA:76,3,0,0
BRDA:76,3,1,0
BRDA:76,4,0,0
BRDA:76,4,1,0
BRDA:89,5,0,0
BRDA:89,5,1,0
BRDA:93,6,0,0
BRDA:93,6,1,0
BRDA:237,7,0,0
BRDA:237,7,1,0
BRDA:238,8,0,0
BRDA:238,8,1,0
BRDA:241,9,0,0
BRDA:241,9,1,0
BRDA:242,10,0,0
BRDA:242,10,1,0
BRDA:243,11,0,0
BRDA:243,11,1,0
BRDA:250,12,0,0
BRDA:250,12,1,0
BRDA:250,12,2,0
BRDA:262,13,0,0
BRDA:262,13,1,0
BRF:29
BRH:0
end_of_record
TN:
SF:src\components\AuthPage.tsx
FN:17,AuthPage
FN:29,(anonymous_11)
FN:48,(anonymous_12)
FN:59,(anonymous_13)
FN:91,(anonymous_14)
FN:95,(anonymous_15)
FN:122,(anonymous_16)
FN:170,(anonymous_17)
FN:200,(anonymous_18)
FN:229,(anonymous_19)
FN:243,(anonymous_20)
FN:292,(anonymous_21)
FNF:12
FNH:0
FNDA:0,AuthPage
FNDA:0,(anonymous_11)
FNDA:0,(anonymous_12)
FNDA:0,(anonymous_13)
FNDA:0,(anonymous_14)
FNDA:0,(anonymous_15)
FNDA:0,(anonymous_16)
FNDA:0,(anonymous_17)
FNDA:0,(anonymous_18)
FNDA:0,(anonymous_19)
FNDA:0,(anonymous_20)
FNDA:0,(anonymous_21)
DA:3,0
DA:4,0
DA:5,0
DA:6,0
DA:7,0
DA:8,0
DA:9,0
DA:10,0
DA:11,0
DA:17,0
DA:18,0
DA:19,0
DA:20,0
DA:21,0
DA:22,0
DA:23,0
DA:24,0
DA:25,0
DA:26,0
DA:27,0
DA:29,0
DA:30,0
DA:41,0
DA:46,0
DA:47,0
DA:48,0
DA:49,0
DA:51,0
DA:52,0
DA:55,0
DA:56,0
DA:59,0
DA:60,0
DA:61,0
DA:64,0
DA:65,0
DA:68,0
DA:70,0
DA:72,0
DA:73,0
DA:75,0
DA:83,0
DA:85,0
DA:86,0
DA:87,0
DA:88,0
DA:91,0
DA:92,0
DA:95,0
DA:96,0
DA:98,0
DA:99,0
DA:100,0
DA:102,0
DA:103,0
DA:106,0
DA:107,0
DA:108,0
DA:112,0
DA:117,0
DA:118,0
DA:122,0
DA:123,0
DA:125,0
DA:126,0
DA:127,0
DA:128,0
DA:129,0
DA:130,0
DA:133,0
DA:171,0
DA:172,0
DA:173,0
DA:201,0
DA:202,0
DA:203,0
DA:230,0
DA:231,0
DA:232,0
DA:243,0
DA:292,0
LF:81
LH:0
BRDA:30,0,0,0
BRDA:30,0,1,0
BRDA:46,1,0,0
BRDA:46,1,1,0
BRDA:64,2,0,0
BRDA:64,2,1,0
BRDA:75,3,0,0
BRDA:75,3,1,0
BRDA:83,4,0,0
BRDA:83,4,1,0
BRDA:85,5,0,0
BRDA:85,5,1,0
BRDA:86,6,0,0
BRDA:86,6,1,0
BRDA:87,7,0,0
BRDA:87,7,1,0
BRDA:99,8,0,0
BRDA:99,8,1,0
BRDA:112,9,0,0
BRDA:112,9,1,0
BRDA:112,9,2,0
BRDA:112,9,3,0
BRDA:114,10,0,0
BRDA:114,10,1,0
BRDA:115,11,0,0
BRDA:115,11,1,0
BRDA:153,12,0,0
BRDA:153,12,1,0
BRDA:156,13,0,0
BRDA:156,13,1,0
BRDA:161,14,0,0
BRDA:161,14,1,0
BRDA:172,15,0,0
BRDA:172,15,1,0
BRDA:178,16,0,0
BRDA:178,16,1,0
BRDA:183,17,0,0
BRDA:183,17,1,0
BRDA:202,18,0,0
BRDA:202,18,1,0
BRDA:208,19,0,0
BRDA:208,19,1,0
BRDA:213,20,0,0
BRDA:213,20,1,0
BRDA:227,21,0,0
BRDA:227,21,1,0
BRDA:231,22,0,0
BRDA:231,22,1,0
BRDA:237,23,0,0
BRDA:237,23,1,0
BRDA:245,24,0,0
BRDA:245,24,1,0
BRDA:247,25,0,0
BRDA:247,25,1,0
BRDA:254,26,0,0
BRDA:254,26,1,0
BRDA:262,27,0,0
BRDA:262,27,1,0
BRDA:282,28,0,0
BRDA:282,28,1,0
BRDA:282,29,0,0
BRDA:282,29,1,0
BRDA:288,30,0,0
BRDA:288,30,1,0
BRDA:295,31,0,0
BRDA:295,31,1,0
BRDA:318,32,0,0
BRDA:318,32,1,0
BRF:68
BRH:0
end_of_record
TN:
SF:src\components\AuthPageRefactored.tsx
FN:23,AuthPageRefactored
FN:32,(anonymous_1)
FN:55,(anonymous_2)
FN:85,(anonymous_3)
FN:98,(anonymous_4)
FN:171,(anonymous_5)
FN:196,(anonymous_6)
FN:220,(anonymous_7)
FNF:8
FNH:0
FNDA:0,AuthPageRefactored
FNDA:0,(anonymous_1)
FNDA:0,(anonymous_2)
FNDA:0,(anonymous_3)
FNDA:0,(anonymous_4)
FNDA:0,(anonymous_5)
FNDA:0,(anonymous_6)
FNDA:0,(anonymous_7)
DA:9,0
DA:10,0
DA:11,0
DA:12,0
DA:13,0
DA:14,0
DA:16,0
DA:17,0
DA:23,0
DA:24,0
DA:25,0
DA:26,0
DA:27,0
DA:28,0
DA:29,0
DA:30,0
DA:32,0
DA:33,0
DA:35,0
DA:36,0
DA:37,0
DA:38,0
DA:41,0
DA:42,0
DA:43,0
DA:44,0
DA:47,0
DA:48,0
DA:51,0
DA:52,0
DA:55,0
DA:56,0
DA:57,0
DA:59,0
DA:60,0
DA:63,0
DA:65,0
DA:68,0
DA:69,0
DA:70,0
DA:72,0
DA:73,0
DA:77,0
DA:80,0
DA:83,0
DA:84,0
DA:85,0
DA:86,0
DA:88,0
DA:89,0
DA:91,0
DA:94,0
DA:98,0
DA:99,0
DA:100,0
DA:101,0
DA:102,0
DA:103,0
DA:104,0
DA:107,0
DA:171,0
DA:196,0
DA:220,0
DA:264,0
LF:64
LH:0
BRDA:35,0,0,0
BRDA:35,0,1,0
BRDA:37,1,0,0
BRDA:37,1,1,0
BRDA:41,2,0,0
BRDA:41,2,1,0
BRDA:43,3,0,0
BRDA:43,3,1,0
BRDA:47,4,0,0
BRDA:47,4,1,0
BRDA:47,5,0,0
BRDA:47,5,1,0
BRDA:59,6,0,0
BRDA:59,6,1,0
BRDA:68,7,0,0
BRDA:68,7,1,0
BRDA:83,8,0,0
BRDA:83,8,1,0
BRDA:83,9,0,0
BRDA:83,9,1,0
BRDA:91,10,0,0
BRDA:91,10,1,0
BRDA:91,11,0,0
BRDA:91,11,1,0
BRDA:142,12,0,0
BRDA:142,12,1,0
BRDA:146,13,0,0
BRDA:146,13,1,0
BRDA:159,14,0,0
BRDA:159,14,1,0
BRDA:173,15,0,0
BRDA:173,15,1,0
BRDA:178,16,0,0
BRDA:178,16,1,0
BRDA:198,17,0,0
BRDA:198,17,1,0
BRDA:203,18,0,0
BRDA:203,18,1,0
BRDA:222,19,0,0
BRDA:222,19,1,0
BRDA:227,20,0,0
BRDA:227,20,1,0
BRDA:238,21,0,0
BRDA:238,21,1,0
BRDA:239,22,0,0
BRDA:239,22,1,0
BRDA:246,23,0,0
BRDA:246,23,1,0
BRDA:253,24,0,0
BRDA:253,24,1,0
BRF:50
BRH:0
end_of_record
TN:
SF:src\components\AutoFillButton.tsx
FN:81,AutoFillButton
FN:86,(anonymous_1)
FN:135,(anonymous_2)
FN:180,(anonymous_3)
FN:186,(anonymous_4)
FNF:5
FNH:0
FNDA:0,AutoFillButton
FNDA:0,(anonymous_1)
FNDA:0,(anonymous_2)
FNDA:0,(anonymous_3)
FNDA:0,(anonymous_4)
DA:3,0
DA:4,0
DA:5,0
DA:6,0
DA:13,0
DA:14,0
DA:15,0
DA:24,0
DA:81,0
DA:82,0
DA:83,0
DA:84,0
DA:86,0
DA:87,0
DA:88,0
DA:90,0
DA:93,0
DA:95,0
DA:96,0
DA:99,0
DA:100,0
DA:101,0
DA:102,0
DA:105,0
DA:106,0
DA:108,0
DA:109,0
DA:111,0
DA:112,0
DA:114,0
DA:115,0
DA:117,0
DA:118,0
DA:119,0
DA:120,0
DA:124,0
DA:125,0
DA:126,0
DA:127,0
DA:129,0
DA:131,0
DA:135,0
DA:136,0
DA:137,0
DA:138,0
DA:141,0
DA:180,0
DA:186,0
LF:48
LH:0
BRDA:90,0,0,0
BRDA:90,0,1,0
BRDA:90,0,2,0
BRDA:95,1,0,0
BRDA:95,1,1,0
BRDA:100,2,0,0
BRDA:100,2,1,0
BRDA:106,3,0,0
BRDA:106,3,1,0
BRDA:109,4,0,0
BRDA:109,4,1,0
BRDA:112,5,0,0
BRDA:112,5,1,0
BRDA:115,6,0,0
BRDA:115,6,1,0
BRDA:118,7,0,0
BRDA:118,7,1,0
BRDA:136,8,0,0
BRDA:136,8,1,0
BRDA:136,8,2,0
BRDA:188,9,0,0
BRDA:188,9,1,0
BRF:22
BRH:0
end_of_record
TN:
SF:src\components\BedManagement.tsx
FN:22,BedManagement
FN:30,(anonymous_1)
FN:34,(anonymous_2)
FN:44,(anonymous_3)
FN:50,(anonymous_4)
FN:83,(anonymous_5)
FN:89,(anonymous_6)
FN:94,(anonymous_7)
FN:110,(anonymous_8)
FN:112,(anonymous_9)
FN:122,(anonymous_10)
FN:123,(anonymous_11)
FN:124,(anonymous_12)
FN:192,(anonymous_13)
FN:212,(anonymous_14)
FN:221,(anonymous_15)
FN:230,(anonymous_16)
FN:239,(anonymous_17)
FN:252,(anonymous_18)
FN:262,(anonymous_19)
FN:267,(anonymous_20)
FN:285,(anonymous_21)
FN:292,(anonymous_22)
FN:354,(anonymous_23)
FN:363,(anonymous_24)
FNF:25
FNH:0
FNDA:0,BedManagement
FNDA:0,(anonymous_1)
FNDA:0,(anonymous_2)
FNDA:0,(anonymous_3)
FNDA:0,(anonymous_4)
FNDA:0,(anonymous_5)
FNDA:0,(anonymous_6)
FNDA:0,(anonymous_7)
FNDA:0,(anonymous_8)
FNDA:0,(anonymous_9)
FNDA:0,(anonymous_10)
FNDA:0,(anonymous_11)
FNDA:0,(anonymous_12)
FNDA:0,(anonymous_13)
FNDA:0,(anonymous_14)
FNDA:0,(anonymous_15)
FNDA:0,(anonymous_16)
FNDA:0,(anonymous_17)
FNDA:0,(anonymous_18)
FNDA:0,(anonymous_19)
FNDA:0,(anonymous_20)
FNDA:0,(anonymous_21)
FNDA:0,(anonymous_22)
FNDA:0,(anonymous_23)
FNDA:0,(anonymous_24)
DA:1,0
DA:2,0
DA:3,0
DA:4,0
DA:5,0
DA:6,0
DA:7,0
DA:8,0
DA:9,0
DA:22,0
DA:23,0
DA:24,0
DA:25,0
DA:26,0
DA:27,0
DA:28,0
DA:30,0
DA:31,0
DA:34,0
DA:35,0
DA:36,0
DA:37,0
DA:39,0
DA:40,0
DA:44,0
DA:45,0
DA:50,0
DA:51,0
DA:52,0
DA:53,0
DA:56,0
DA:57,0
DA:58,0
DA:68,0
DA:69,0
DA:70,0
DA:71,0
DA:72,0
DA:73,0
DA:76,0
DA:77,0
DA:79,0
DA:83,0
DA:84,0
DA:85,0
DA:86,0
DA:89,0
DA:90,0
DA:91,0
DA:92,0
DA:93,0
DA:94,0
DA:95,0
DA:97,0
DA:98,0
DA:99,0
DA:100,0
DA:102,0
DA:103,0
DA:105,0
DA:110,0
DA:111,0
DA:112,0
DA:113,0
DA:115,0
DA:116,0
DA:120,0
DA:122,0
DA:123,0
DA:124,0
DA:127,0
DA:193,0
DA:194,0
DA:212,0
DA:221,0
DA:230,0
DA:239,0
DA:252,0
DA:262,0
DA:267,0
DA:285,0
DA:293,0
DA:354,0
DA:363,0
LF:84
LH:0
BRDA:45,0,0,0
BRDA:45,0,1,0
BRDA:45,0,2,0
BRDA:51,1,0,0
BRDA:51,1,1,0
BRDA:51,2,0,0
BRDA:51,2,1,0
BRDA:51,2,2,0
BRDA:60,3,0,0
BRDA:60,3,1,0
BRDA:61,4,0,0
BRDA:61,4,1,0
BRDA:62,5,0,0
BRDA:62,5,1,0
BRDA:63,6,0,0
BRDA:63,6,1,0
BRDA:64,7,0,0
BRDA:64,7,1,0
BRDA:69,8,0,0
BRDA:69,8,1,0
BRDA:90,9,0,0
BRDA:90,9,1,0
BRDA:95,10,0,0
BRDA:95,10,1,0
BRDA:204,11,0,0
BRDA:204,11,1,0
BRDA:211,12,0,0
BRDA:211,12,1,0
BRDA:220,13,0,0
BRDA:220,13,1,0
BRDA:229,14,0,0
BRDA:229,14,1,0
BRDA:238,15,0,0
BRDA:238,15,1,0
BRDA:251,16,0,0
BRDA:251,16,1,0
BRDA:261,17,0,0
BRDA:261,17,1,0
BRDA:270,18,0,0
BRDA:270,18,1,0
BRDA:271,19,0,0
BRDA:271,19,1,0
BRDA:271,20,0,0
BRDA:271,20,1,0
BRDA:300,21,0,0
BRDA:300,21,1,0
BRDA:301,22,0,0
BRDA:301,22,1,0
BRDA:308,23,0,0
BRDA:308,23,1,0
BRDA:309,24,0,0
BRDA:309,24,1,0
BRDA:326,25,0,0
BRDA:326,25,1,0
BRDA:332,26,0,0
BRDA:332,26,1,0
BRDA:341,27,0,0
BRDA:341,27,1,0
BRDA:342,28,0,0
BRDA:342,28,1,0
BRDA:371,29,0,0
BRDA:371,29,1,0
BRF:62
BRH:0
end_of_record
TN:
SF:src\components\BedManagementNew.tsx
FN:30,BedManagement
FN:38,(anonymous_1)
FN:87,(anonymous_2)
FN:97,(anonymous_3)
FN:107,(anonymous_4)
FN:117,(anonymous_5)
FN:184,(anonymous_6)
FN:204,(anonymous_7)
FN:205,(anonymous_8)
FN:206,(anonymous_9)
FN:216,(anonymous_10)
FN:257,(anonymous_11)
FN:267,(anonymous_12)
FN:288,(anonymous_13)
FN:315,(anonymous_14)
FN:371,(anonymous_15)
FNF:16
FNH:0
FNDA:0,BedManagement
FNDA:0,(anonymous_1)
FNDA:0,(anonymous_2)
FNDA:0,(anonymous_3)
FNDA:0,(anonymous_4)
FNDA:0,(anonymous_5)
FNDA:0,(anonymous_6)
FNDA:0,(anonymous_7)
FNDA:0,(anonymous_8)
FNDA:0,(anonymous_9)
FNDA:0,(anonymous_10)
FNDA:0,(anonymous_11)
FNDA:0,(anonymous_12)
FNDA:0,(anonymous_13)
FNDA:0,(anonymous_14)
FNDA:0,(anonymous_15)
DA:1,0
DA:2,0
DA:3,0
DA:4,0
DA:5,0
DA:6,0
DA:7,0
DA:8,0
DA:9,0
DA:10,0
DA:30,0
DA:31,0
DA:32,0
DA:33,0
DA:34,0
DA:35,0
DA:36,0
DA:38,0
DA:40,0
DA:85,0
DA:87,0
DA:88,0
DA:91,0
DA:92,0
DA:94,0
DA:97,0
DA:98,0
DA:99,0
DA:100,0
DA:101,0
DA:102,0
DA:103,0
DA:107,0
DA:108,0
DA:109,0
DA:110,0
DA:111,0
DA:112,0
DA:113,0
DA:117,0
DA:118,0
DA:185,0
DA:186,0
DA:202,0
DA:204,0
DA:205,0
DA:206,0
DA:209,0
DA:216,0
DA:257,0
DA:268,0
DA:289,0
DA:316,0
DA:372,0
DA:373,0
LF:55
LH:0
BRDA:88,0,0,0
BRDA:88,0,1,0
BRDA:88,0,2,0
BRDA:88,0,3,0
BRDA:91,1,0,0
BRDA:91,1,1,0
BRDA:92,2,0,0
BRDA:92,2,1,0
BRDA:94,3,0,0
BRDA:94,3,1,0
BRDA:94,3,2,0
BRDA:98,4,0,0
BRDA:98,4,1,0
BRDA:98,4,2,0
BRDA:98,4,3,0
BRDA:98,4,4,0
BRDA:108,5,0,0
BRDA:108,5,1,0
BRDA:108,5,2,0
BRDA:108,5,3,0
BRDA:108,5,4,0
BRDA:126,6,0,0
BRDA:126,6,1,0
BRDA:127,7,0,0
BRDA:127,7,1,0
BRDA:128,8,0,0
BRDA:128,8,1,0
BRDA:131,9,0,0
BRDA:131,9,1,0
BRDA:132,10,0,0
BRDA:132,10,1,0
BRDA:133,11,0,0
BRDA:133,11,1,0
BRDA:151,12,0,0
BRDA:151,12,1,0
BRDA:151,12,2,0
BRDA:157,13,0,0
BRDA:157,13,1,0
BRDA:163,14,0,0
BRDA:163,14,1,0
BRDA:169,15,0,0
BRDA:169,15,1,0
BRDA:183,16,0,0
BRDA:183,16,1,0
BRDA:298,17,0,0
BRDA:298,17,1,0
BRDA:302,18,0,0
BRDA:302,18,1,0
BRDA:342,19,0,0
BRDA:342,19,1,0
BRDA:369,20,0,0
BRDA:369,20,1,0
BRF:52
BRH:0
end_of_record
TN:
SF:src\components\BillingManagement.tsx
FN:39,BillingManagement
FN:47,(anonymous_1)
FN:51,(anonymous_2)
FN:60,(anonymous_3)
FN:78,(anonymous_4)
FN:85,(anonymous_5)
FN:85,(anonymous_6)
FN:92,(anonymous_7)
FN:92,(anonymous_8)
FN:101,(anonymous_9)
FN:102,(anonymous_10)
FN:103,(anonymous_11)
FN:115,(anonymous_12)
FN:149,(anonymous_13)
FN:150,(anonymous_14)
FN:158,(anonymous_15)
FN:165,(anonymous_16)
FN:169,(anonymous_17)
FN:194,(anonymous_18)
FN:229,(anonymous_19)
FN:229,(anonymous_20)
FN:229,(anonymous_21)
FN:249,(anonymous_22)
FN:264,(anonymous_23)
FN:264,(anonymous_24)
FN:273,(anonymous_25)
FN:283,(anonymous_26)
FN:293,(anonymous_27)
FN:302,(anonymous_28)
FN:311,(anonymous_29)
FN:321,(anonymous_30)
FN:330,(anonymous_31)
FN:338,(anonymous_32)
FN:356,(anonymous_33)
FN:374,(anonymous_34)
FN:424,(anonymous_35)
FN:438,(anonymous_36)
FN:485,(anonymous_37)
FN:493,(anonymous_38)
FNF:39
FNH:0
FNDA:0,BillingManagement
FNDA:0,(anonymous_1)
FNDA:0,(anonymous_2)
FNDA:0,(anonymous_3)
FNDA:0,(anonymous_4)
FNDA:0,(anonymous_5)
FNDA:0,(anonymous_6)
FNDA:0,(anonymous_7)
FNDA:0,(anonymous_8)
FNDA:0,(anonymous_9)
FNDA:0,(anonymous_10)
FNDA:0,(anonymous_11)
FNDA:0,(anonymous_12)
FNDA:0,(anonymous_13)
FNDA:0,(anonymous_14)
FNDA:0,(anonymous_15)
FNDA:0,(anonymous_16)
FNDA:0,(anonymous_17)
FNDA:0,(anonymous_18)
FNDA:0,(anonymous_19)
FNDA:0,(anonymous_20)
FNDA:0,(anonymous_21)
FNDA:0,(anonymous_22)
FNDA:0,(anonymous_23)
FNDA:0,(anonymous_24)
FNDA:0,(anonymous_25)
FNDA:0,(anonymous_26)
FNDA:0,(anonymous_27)
FNDA:0,(anonymous_28)
FNDA:0,(anonymous_29)
FNDA:0,(anonymous_30)
FNDA:0,(anonymous_31)
FNDA:0,(anonymous_32)
FNDA:0,(anonymous_33)
FNDA:0,(anonymous_34)
FNDA:0,(anonymous_35)
FNDA:0,(anonymous_36)
FNDA:0,(anonymous_37)
FNDA:0,(anonymous_38)
DA:1,0
DA:2,0
DA:3,0
DA:4,0
DA:5,0
DA:6,0
DA:7,0
DA:8,0
DA:9,0
DA:10,0
DA:11,0
DA:12,0
DA:13,0
DA:14,0
DA:15,0
DA:16,0
DA:17,0
DA:18,0
DA:39,0
DA:40,0
DA:41,0
DA:42,0
DA:43,0
DA:44,0
DA:45,0
DA:47,0
DA:48,0
DA:51,0
DA:52,0
DA:53,0
DA:54,0
DA:56,0
DA:60,0
DA:61,0
DA:63,0
DA:64,0
DA:68,0
DA:78,0
DA:85,0
DA:92,0
DA:100,0
DA:101,0
DA:102,0
DA:103,0
DA:106,0
DA:115,0
DA:116,0
DA:117,0
DA:118,0
DA:121,0
DA:122,0
DA:123,0
DA:136,0
DA:138,0
DA:139,0
DA:140,0
DA:142,0
DA:143,0
DA:145,0
DA:149,0
DA:150,0
DA:151,0
DA:152,0
DA:153,0
DA:154,0
DA:158,0
DA:159,0
DA:161,0
DA:165,0
DA:166,0
DA:167,0
DA:168,0
DA:169,0
DA:170,0
DA:172,0
DA:176,0
DA:195,0
DA:196,0
DA:229,0
DA:249,0
DA:264,0
DA:273,0
DA:283,0
DA:293,0
DA:302,0
DA:311,0
DA:321,0
DA:330,0
DA:338,0
DA:356,0
DA:375,0
DA:425,0
DA:426,0
DA:438,0
DA:486,0
DA:494,0
LF:96
LH:0
BRDA:54,0,0,0
BRDA:54,0,1,0
BRDA:61,1,0,0
BRDA:61,1,1,0
BRDA:63,2,0,0
BRDA:63,2,1,0
BRDA:64,3,0,0
BRDA:64,3,1,0
BRDA:92,4,0,0
BRDA:92,4,1,0
BRDA:116,5,0,0
BRDA:116,5,1,0
BRDA:116,6,0,0
BRDA:116,6,1,0
BRDA:125,7,0,0
BRDA:125,7,1,0
BRDA:126,8,0,0
BRDA:126,8,1,0
BRDA:127,9,0,0
BRDA:127,9,1,0
BRDA:128,10,0,0
BRDA:128,10,1,0
BRDA:129,11,0,0
BRDA:129,11,1,0
BRDA:129,12,0,0
BRDA:129,12,1,0
BRDA:129,13,0,0
BRDA:129,13,1,0
BRDA:130,14,0,0
BRDA:130,14,1,0
BRDA:130,15,0,0
BRDA:130,15,1,0
BRDA:131,16,0,0
BRDA:131,16,1,0
BRDA:132,17,0,0
BRDA:132,17,1,0
BRDA:133,18,0,0
BRDA:133,18,1,0
BRDA:134,19,0,0
BRDA:134,19,1,0
BRDA:151,20,0,0
BRDA:151,20,1,0
BRDA:156,21,0,0
BRDA:156,21,1,0
BRDA:158,22,0,0
BRDA:158,22,1,0
BRDA:161,23,0,0
BRDA:161,23,1,0
BRDA:166,24,0,0
BRDA:166,24,1,0
BRDA:172,25,0,0
BRDA:172,25,1,0
BRDA:188,26,0,0
BRDA:188,26,1,0
BRDA:272,27,0,0
BRDA:272,27,1,0
BRDA:282,28,0,0
BRDA:282,28,1,0
BRDA:292,29,0,0
BRDA:292,29,1,0
BRDA:301,30,0,0
BRDA:301,30,1,0
BRDA:310,31,0,0
BRDA:310,31,1,0
BRDA:320,32,0,0
BRDA:320,32,1,0
BRDA:329,33,0,0
BRDA:329,33,1,0
BRDA:342,34,0,0
BRDA:342,34,1,0
BRDA:409,35,0,0
BRDA:409,35,1,0
BRDA:410,36,0,0
BRDA:410,36,1,0
BRDA:420,37,0,0
BRDA:420,37,1,0
BRDA:426,38,0,0
BRDA:426,38,1,0
BRDA:444,39,0,0
BRDA:444,39,1,0
BRDA:456,40,0,0
BRDA:456,40,1,0
BRF:82
BRH:0
end_of_record
TN:
SF:src\components\BirthDeathRecords.tsx
FN:44,BirthDeathRecords
FN:79,(anonymous_1)
FN:83,(anonymous_2)
FN:118,(anonymous_3)
FN:122,(anonymous_4)
FN:122,(anonymous_5)
FN:133,(anonymous_6)
FN:156,(anonymous_7)
FN:160,(anonymous_8)
FN:160,(anonymous_9)
FN:170,(anonymous_10)
FN:192,(anonymous_11)
FN:198,(anonymous_12)
FN:204,(anonymous_13)
FN:206,(anonymous_14)
FN:206,(anonymous_15)
FN:213,(anonymous_16)
FN:215,(anonymous_17)
FN:215,(anonymous_18)
FN:222,(anonymous_19)
FN:228,(anonymous_20)
FN:253,(anonymous_21)
FN:276,(anonymous_22)
FN:306,(anonymous_23)
FN:306,(anonymous_24)
FN:314,(anonymous_25)
FN:314,(anonymous_26)
FN:329,(anonymous_27)
FN:329,(anonymous_28)
FN:337,(anonymous_29)
FN:337,(anonymous_30)
FN:346,(anonymous_31)
FN:346,(anonymous_32)
FN:355,(anonymous_33)
FN:355,(anonymous_34)
FN:363,(anonymous_35)
FN:363,(anonymous_36)
FN:371,(anonymous_37)
FN:371,(anonymous_38)
FN:379,(anonymous_39)
FN:379,(anonymous_40)
FN:387,(anonymous_41)
FN:387,(anonymous_42)
FN:393,(anonymous_43)
FN:419,(anonymous_44)
FN:436,(anonymous_45)
FN:443,(anonymous_46)
FN:462,(anonymous_47)
FN:491,(anonymous_48)
FN:491,(anonymous_49)
FN:499,(anonymous_50)
FN:499,(anonymous_51)
FN:508,(anonymous_52)
FN:508,(anonymous_53)
FN:515,(anonymous_54)
FN:515,(anonymous_55)
FN:530,(anonymous_56)
FN:530,(anonymous_57)
FN:538,(anonymous_58)
FN:538,(anonymous_59)
FN:546,(anonymous_60)
FN:546,(anonymous_61)
FN:554,(anonymous_62)
FN:554,(anonymous_63)
FN:560,(anonymous_64)
FN:585,(anonymous_65)
FN:601,(anonymous_66)
FN:608,(anonymous_67)
FNF:68
FNH:0
FNDA:0,BirthDeathRecords
FNDA:0,(anonymous_1)
FNDA:0,(anonymous_2)
FNDA:0,(anonymous_3)
FNDA:0,(anonymous_4)
FNDA:0,(anonymous_5)
FNDA:0,(anonymous_6)
FNDA:0,(anonymous_7)
FNDA:0,(anonymous_8)
FNDA:0,(anonymous_9)
FNDA:0,(anonymous_10)
FNDA:0,(anonymous_11)
FNDA:0,(anonymous_12)
FNDA:0,(anonymous_13)
FNDA:0,(anonymous_14)
FNDA:0,(anonymous_15)
FNDA:0,(anonymous_16)
FNDA:0,(anonymous_17)
FNDA:0,(anonymous_18)
FNDA:0,(anonymous_19)
FNDA:0,(anonymous_20)
FNDA:0,(anonymous_21)
FNDA:0,(anonymous_22)
FNDA:0,(anonymous_23)
FNDA:0,(anonymous_24)
FNDA:0,(anonymous_25)
FNDA:0,(anonymous_26)
FNDA:0,(anonymous_27)
FNDA:0,(anonymous_28)
FNDA:0,(anonymous_29)
FNDA:0,(anonymous_30)
FNDA:0,(anonymous_31)
FNDA:0,(anonymous_32)
FNDA:0,(anonymous_33)
FNDA:0,(anonymous_34)
FNDA:0,(anonymous_35)
FNDA:0,(anonymous_36)
FNDA:0,(anonymous_37)
FNDA:0,(anonymous_38)
FNDA:0,(anonymous_39)
FNDA:0,(anonymous_40)
FNDA:0,(anonymous_41)
FNDA:0,(anonymous_42)
FNDA:0,(anonymous_43)
FNDA:0,(anonymous_44)
FNDA:0,(anonymous_45)
FNDA:0,(anonymous_46)
FNDA:0,(anonymous_47)
FNDA:0,(anonymous_48)
FNDA:0,(anonymous_49)
FNDA:0,(anonymous_50)
FNDA:0,(anonymous_51)
FNDA:0,(anonymous_52)
FNDA:0,(anonymous_53)
FNDA:0,(anonymous_54)
FNDA:0,(anonymous_55)
FNDA:0,(anonymous_56)
FNDA:0,(anonymous_57)
FNDA:0,(anonymous_58)
FNDA:0,(anonymous_59)
FNDA:0,(anonymous_60)
FNDA:0,(anonymous_61)
FNDA:0,(anonymous_62)
FNDA:0,(anonymous_63)
FNDA:0,(anonymous_64)
FNDA:0,(anonymous_65)
FNDA:0,(anonymous_66)
FNDA:0,(anonymous_67)
DA:1,0
DA:2,0
DA:3,0
DA:4,0
DA:5,0
DA:6,0
DA:7,0
DA:8,0
DA:9,0
DA:10,0
DA:11,0
DA:12,0
DA:13,0
DA:14,0
DA:44,0
DA:45,0
DA:46,0
DA:47,0
DA:48,0
DA:49,0
DA:50,0
DA:51,0
DA:52,0
DA:54,0
DA:67,0
DA:79,0
DA:80,0
DA:83,0
DA:86,0
DA:102,0
DA:118,0
DA:119,0
DA:120,0
DA:122,0
DA:123,0
DA:125,0
DA:128,0
DA:133,0
DA:134,0
DA:137,0
DA:138,0
DA:139,0
DA:152,0
DA:156,0
DA:157,0
DA:158,0
DA:160,0
DA:161,0
DA:163,0
DA:166,0
DA:170,0
DA:171,0
DA:174,0
DA:175,0
DA:176,0
DA:188,0
DA:192,0
DA:193,0
DA:194,0
DA:195,0
DA:198,0
DA:199,0
DA:200,0
DA:201,0
DA:204,0
DA:205,0
DA:206,0
DA:207,0
DA:209,0
DA:213,0
DA:214,0
DA:215,0
DA:216,0
DA:218,0
DA:222,0
DA:223,0
DA:228,0
DA:229,0
DA:233,0
DA:253,0
DA:277,0
DA:278,0
DA:306,0
DA:314,0
DA:329,0
DA:337,0
DA:346,0
DA:355,0
DA:363,0
DA:371,0
DA:379,0
DA:387,0
DA:393,0
DA:420,0
DA:436,0
DA:443,0
DA:463,0
DA:464,0
DA:491,0
DA:499,0
DA:508,0
DA:515,0
DA:530,0
DA:538,0
DA:546,0
DA:554,0
DA:560,0
DA:586,0
DA:601,0
DA:608,0
LF:110
LH:0
BRDA:120,0,0,0
BRDA:120,0,1,0
BRDA:123,1,0,0
BRDA:123,1,1,0
BRDA:158,2,0,0
BRDA:158,2,1,0
BRDA:161,3,0,0
BRDA:161,3,1,0
BRDA:223,4,0,0
BRDA:223,4,1,0
BRDA:223,4,2,0
BRDA:229,5,0,0
BRDA:229,5,1,0
BRDA:298,6,0,0
BRDA:298,6,1,0
BRDA:397,7,0,0
BRDA:397,7,1,0
BRDA:427,8,0,0
BRDA:427,8,1,0
BRDA:483,9,0,0
BRDA:483,9,1,0
BRDA:564,10,0,0
BRDA:564,10,1,0
BRDA:591,11,0,0
BRDA:591,11,1,0
BRF:25
BRH:0
end_of_record
TN:
SF:src\components\BloodBankManagement.tsx
FN:44,BloodBankManagement
FN:55,(anonymous_1)
FN:56,(anonymous_2)
FN:57,(anonymous_3)
FN:62,(anonymous_4)
FN:76,(anonymous_5)
FN:96,(anonymous_6)
FN:116,(anonymous_7)
FN:121,(anonymous_8)
FN:182,(anonymous_9)
FN:184,(anonymous_10)
FN:213,(anonymous_11)
FN:217,(anonymous_12)
FN:230,(anonymous_13)
FN:235,(anonymous_14)
FN:256,(anonymous_15)
FN:266,(anonymous_16)
FN:293,(anonymous_17)
FN:342,(anonymous_18)
FN:346,(anonymous_19)
FN:352,(anonymous_20)
FN:357,(anonymous_21)
FN:365,(anonymous_22)
FN:378,(anonymous_23)
FN:382,(anonymous_24)
FN:386,(anonymous_25)
FN:390,(anonymous_26)
FN:405,(anonymous_27)
FN:409,(anonymous_28)
FN:414,(anonymous_29)
FN:419,(anonymous_30)
FN:432,(anonymous_31)
FN:436,(anonymous_32)
FN:440,(anonymous_33)
FNF:34
FNH:0
FNDA:0,BloodBankManagement
FNDA:0,(anonymous_1)
FNDA:0,(anonymous_2)
FNDA:0,(anonymous_3)
FNDA:0,(anonymous_4)
FNDA:0,(anonymous_5)
FNDA:0,(anonymous_6)
FNDA:0,(anonymous_7)
FNDA:0,(anonymous_8)
FNDA:0,(anonymous_9)
FNDA:0,(anonymous_10)
FNDA:0,(anonymous_11)
FNDA:0,(anonymous_12)
FNDA:0,(anonymous_13)
FNDA:0,(anonymous_14)
FNDA:0,(anonymous_15)
FNDA:0,(anonymous_16)
FNDA:0,(anonymous_17)
FNDA:0,(anonymous_18)
FNDA:0,(anonymous_19)
FNDA:0,(anonymous_20)
FNDA:0,(anonymous_21)
FNDA:0,(anonymous_22)
FNDA:0,(anonymous_23)
FNDA:0,(anonymous_24)
FNDA:0,(anonymous_25)
FNDA:0,(anonymous_26)
FNDA:0,(anonymous_27)
FNDA:0,(anonymous_28)
FNDA:0,(anonymous_29)
FNDA:0,(anonymous_30)
FNDA:0,(anonymous_31)
FNDA:0,(anonymous_32)
FNDA:0,(anonymous_33)
DA:1,0
DA:2,0
DA:3,0
DA:4,0
DA:5,0
DA:6,0
DA:7,0
DA:8,0
DA:9,0
DA:10,0
DA:11,0
DA:13,0
DA:14,0
DA:44,0
DA:45,0
DA:46,0
DA:47,0
DA:48,0
DA:49,0
DA:50,0
DA:51,0
DA:52,0
DA:53,0
DA:55,0
DA:56,0
DA:57,0
DA:60,0
DA:62,0
DA:63,0
DA:73,0
DA:76,0
DA:77,0
DA:78,0
DA:79,0
DA:80,0
DA:82,0
DA:83,0
DA:84,0
DA:85,0
DA:86,0
DA:87,0
DA:89,0
DA:90,0
DA:92,0
DA:96,0
DA:97,0
DA:98,0
DA:99,0
DA:100,0
DA:102,0
DA:103,0
DA:104,0
DA:105,0
DA:106,0
DA:107,0
DA:109,0
DA:110,0
DA:112,0
DA:116,0
DA:117,0
DA:121,0
DA:122,0
DA:182,0
DA:183,0
DA:185,0
DA:186,0
DA:204,0
DA:213,0
DA:217,0
DA:231,0
DA:232,0
DA:235,0
DA:256,0
DA:267,0
DA:294,0
DA:342,0
DA:346,0
DA:352,0
DA:358,0
DA:365,0
DA:378,0
DA:382,0
DA:386,0
DA:390,0
DA:405,0
DA:409,0
DA:414,0
DA:420,0
DA:432,0
DA:436,0
DA:440,0
LF:91
LH:0
BRDA:73,0,0,0
BRDA:73,0,1,0
BRDA:78,1,0,0
BRDA:78,1,1,0
BRDA:78,2,0,0
BRDA:78,2,1,0
BRDA:98,3,0,0
BRDA:98,3,1,0
BRDA:98,4,0,0
BRDA:98,4,1,0
BRDA:117,5,0,0
BRDA:117,5,1,0
BRDA:155,6,0,0
BRDA:155,6,1,0
BRDA:212,7,0,0
BRDA:212,7,1,0
BRDA:237,8,0,0
BRDA:237,8,1,0
BRDA:250,9,0,0
BRDA:250,9,1,0
BRDA:264,10,0,0
BRDA:264,10,1,0
BRDA:272,11,0,0
BRDA:272,11,1,0
BRDA:306,12,0,0
BRDA:306,12,1,0
BRDA:329,13,0,0
BRDA:329,13,1,0
BRDA:342,14,0,0
BRDA:342,14,1,0
BRDA:346,15,0,0
BRDA:346,15,1,0
BRDA:352,16,0,0
BRDA:352,16,1,0
BRDA:365,17,0,0
BRDA:365,17,1,0
BRDA:378,18,0,0
BRDA:378,18,1,0
BRDA:382,19,0,0
BRDA:382,19,1,0
BRDA:386,20,0,0
BRDA:386,20,1,0
BRDA:389,21,0,0
BRDA:389,21,1,0
BRDA:405,22,0,0
BRDA:405,22,1,0
BRDA:409,23,0,0
BRDA:409,23,1,0
BRDA:414,24,0,0
BRDA:414,24,1,0
BRDA:432,25,0,0
BRDA:432,25,1,0
BRDA:436,26,0,0
BRDA:436,26,1,0
BRDA:439,27,0,0
BRDA:439,27,1,0
BRF:56
BRH:0
end_of_record
TN:
SF:src\components\ChangePassword.tsx
FN:14,ChangePassword
FN:27,(anonymous_1)
FN:56,(anonymous_2)
FN:74,(anonymous_3)
FN:85,(anonymous_4)
FN:92,(anonymous_5)
FN:125,(anonymous_6)
FN:133,(anonymous_7)
FN:147,(anonymous_8)
FN:155,(anonymous_9)
FN:190,(anonymous_10)
FN:198,(anonymous_11)
FNF:12
FNH:0
FNDA:0,ChangePassword
FNDA:0,(anonymous_1)
FNDA:0,(anonymous_2)
FNDA:0,(anonymous_3)
FNDA:0,(anonymous_4)
FNDA:0,(anonymous_5)
FNDA:0,(anonymous_6)
FNDA:0,(anonymous_7)
FNDA:0,(anonymous_8)
FNDA:0,(anonymous_9)
FNDA:0,(anonymous_10)
FNDA:0,(anonymous_11)
DA:1,0
DA:2,0
DA:3,0
DA:4,0
DA:5,0
DA:6,0
DA:7,0
DA:8,0
DA:14,0
DA:15,0
DA:20,0
DA:25,0
DA:27,0
DA:28,0
DA:29,0
DA:30,0
DA:33,0
DA:34,0
DA:35,0
DA:38,0
DA:39,0
DA:40,0
DA:43,0
DA:44,0
DA:45,0
DA:46,0
DA:48,0
DA:49,0
DA:50,0
DA:53,0
DA:54,0
DA:56,0
DA:64,0
DA:65,0
DA:67,0
DA:68,0
DA:70,0
DA:74,0
DA:75,0
DA:76,0
DA:77,0
DA:78,0
DA:79,0
DA:80,0
DA:82,0
DA:85,0
DA:86,0
DA:87,0
DA:88,0
DA:89,0
DA:92,0
DA:93,0
DA:94,0
DA:95,0
DA:96,0
DA:99,0
DA:101,0
DA:125,0
DA:133,0
DA:147,0
DA:155,0
DA:190,0
DA:198,0
LF:63
LH:0
BRDA:28,0,0,0
BRDA:28,0,1,0
BRDA:28,1,0,0
BRDA:28,1,1,0
BRDA:28,1,2,0
BRDA:33,2,0,0
BRDA:33,2,1,0
BRDA:38,3,0,0
BRDA:38,3,1,0
BRDA:48,4,0,0
BRDA:48,4,1,0
BRDA:48,5,0,0
BRDA:48,5,1,0
BRDA:48,5,2,0
BRDA:48,5,3,0
BRDA:76,6,0,0
BRDA:76,6,1,0
BRDA:77,7,0,0
BRDA:77,7,1,0
BRDA:78,8,0,0
BRDA:78,8,1,0
BRDA:79,9,0,0
BRDA:79,9,1,0
BRDA:80,10,0,0
BRDA:80,10,1,0
BRDA:86,11,0,0
BRDA:86,11,1,0
BRDA:87,12,0,0
BRDA:87,12,1,0
BRDA:88,13,0,0
BRDA:88,13,1,0
BRDA:93,14,0,0
BRDA:93,14,1,0
BRDA:94,15,0,0
BRDA:94,15,1,0
BRDA:95,16,0,0
BRDA:95,16,1,0
BRDA:123,17,0,0
BRDA:123,17,1,0
BRDA:135,18,0,0
BRDA:135,18,1,0
BRDA:145,19,0,0
BRDA:145,19,1,0
BRDA:157,20,0,0
BRDA:157,20,1,0
BRDA:161,21,0,0
BRDA:161,21,1,0
BRDA:166,22,0,0
BRDA:166,22,1,0
BRDA:167,23,0,0
BRDA:167,23,1,0
BRDA:168,24,0,0
BRDA:168,24,1,0
BRDA:188,25,0,0
BRDA:188,25,1,0
BRDA:200,26,0,0
BRDA:200,26,1,0
BRDA:203,27,0,0
BRDA:203,27,1,0
BRDA:203,27,2,0
BRDA:211,28,0,0
BRDA:211,28,1,0
BRDA:218,29,0,0
BRDA:218,29,1,0
BRDA:221,30,0,0
BRDA:221,30,1,0
BRDA:224,31,0,0
BRDA:224,31,1,0
BRDA:227,32,0,0
BRDA:227,32,1,0
BRDA:230,33,0,0
BRDA:230,33,1,0
BRF:72
BRH:0
end_of_record
TN:
SF:src\components\ComplaintManagement.tsx
FN:34,ComplaintManagement
FN:43,(anonymous_1)
FN:47,(anonymous_2)
FN:56,(anonymous_3)
FN:62,(anonymous_4)
FN:94,(anonymous_5)
FN:96,(anonymous_6)
FN:100,(anonymous_7)
FN:103,(anonymous_8)
FN:120,(anonymous_9)
FN:130,(anonymous_10)
FN:157,(anonymous_11)
FN:175,(anonymous_12)
FN:184,(anonymous_13)
FN:198,(anonymous_14)
FN:208,(anonymous_15)
FN:217,(anonymous_16)
FN:221,(anonymous_17)
FN:231,(anonymous_18)
FN:246,(anonymous_19)
FN:254,(anonymous_20)
FN:262,(anonymous_21)
FN:280,(anonymous_22)
FN:299,(anonymous_23)
FN:312,(anonymous_24)
FN:327,(anonymous_25)
FN:337,(anonymous_26)
FNF:27
FNH:0
FNDA:0,ComplaintManagement
FNDA:0,(anonymous_1)
FNDA:0,(anonymous_2)
FNDA:0,(anonymous_3)
FNDA:0,(anonymous_4)
FNDA:0,(anonymous_5)
FNDA:0,(anonymous_6)
FNDA:0,(anonymous_7)
FNDA:0,(anonymous_8)
FNDA:0,(anonymous_9)
FNDA:0,(anonymous_10)
FNDA:0,(anonymous_11)
FNDA:0,(anonymous_12)
FNDA:0,(anonymous_13)
FNDA:0,(anonymous_14)
FNDA:0,(anonymous_15)
FNDA:0,(anonymous_16)
FNDA:0,(anonymous_17)
FNDA:0,(anonymous_18)
FNDA:0,(anonymous_19)
FNDA:0,(anonymous_20)
FNDA:0,(anonymous_21)
FNDA:0,(anonymous_22)
FNDA:0,(anonymous_23)
FNDA:0,(anonymous_24)
FNDA:0,(anonymous_25)
FNDA:0,(anonymous_26)
DA:1,0
DA:2,0
DA:3,0
DA:4,0
DA:5,0
DA:6,0
DA:7,0
DA:8,0
DA:9,0
DA:10,0
DA:11,0
DA:34,0
DA:35,0
DA:36,0
DA:37,0
DA:38,0
DA:39,0
DA:40,0
DA:41,0
DA:43,0
DA:44,0
DA:47,0
DA:48,0
DA:49,0
DA:50,0
DA:52,0
DA:56,0
DA:57,0
DA:62,0
DA:63,0
DA:64,0
DA:65,0
DA:68,0
DA:69,0
DA:70,0
DA:81,0
DA:83,0
DA:84,0
DA:85,0
DA:87,0
DA:88,0
DA:90,0
DA:94,0
DA:95,0
DA:96,0
DA:97,0
DA:100,0
DA:101,0
DA:102,0
DA:103,0
DA:104,0
DA:107,0
DA:120,0
DA:121,0
DA:122,0
DA:123,0
DA:124,0
DA:125,0
DA:126,0
DA:130,0
DA:131,0
DA:132,0
DA:133,0
DA:134,0
DA:135,0
DA:136,0
DA:140,0
DA:157,0
DA:175,0
DA:184,0
DA:198,0
DA:208,0
DA:217,0
DA:222,0
DA:231,0
DA:246,0
DA:254,0
DA:262,0
DA:280,0
DA:300,0
DA:312,0
DA:328,0
DA:329,0
DA:337,0
LF:84
LH:0
BRDA:50,0,0,0
BRDA:50,0,1,0
BRDA:57,1,0,0
BRDA:57,1,1,0
BRDA:57,1,2,0
BRDA:63,2,0,0
BRDA:63,2,1,0
BRDA:63,3,0,0
BRDA:63,3,1,0
BRDA:63,3,2,0
BRDA:63,3,3,0
BRDA:73,4,0,0
BRDA:73,4,1,0
BRDA:74,5,0,0
BRDA:74,5,1,0
BRDA:75,6,0,0
BRDA:75,6,1,0
BRDA:76,7,0,0
BRDA:76,7,1,0
BRDA:78,8,0,0
BRDA:78,8,1,0
BRDA:96,9,0,0
BRDA:96,9,1,0
BRDA:101,10,0,0
BRDA:101,10,1,0
BRDA:121,11,0,0
BRDA:121,11,1,0
BRDA:121,11,2,0
BRDA:121,11,3,0
BRDA:121,11,4,0
BRDA:131,12,0,0
BRDA:131,12,1,0
BRDA:131,12,2,0
BRDA:131,12,3,0
BRDA:131,12,4,0
BRDA:154,13,0,0
BRDA:154,13,1,0
BRDA:174,14,0,0
BRDA:174,14,1,0
BRDA:183,15,0,0
BRDA:183,15,1,0
BRDA:197,16,0,0
BRDA:197,16,1,0
BRDA:207,17,0,0
BRDA:207,17,1,0
BRDA:216,18,0,0
BRDA:216,18,1,0
BRDA:230,19,0,0
BRDA:230,19,1,0
BRDA:245,20,0,0
BRDA:245,20,1,0
BRDA:253,21,0,0
BRDA:253,21,1,0
BRDA:266,22,0,0
BRDA:266,22,1,0
BRDA:349,23,0,0
BRDA:349,23,1,0
BRDA:364,24,0,0
BRDA:364,24,1,0
BRDA:395,25,0,0
BRDA:395,25,1,0
BRDA:401,26,0,0
BRDA:401,26,1,0
BRDA:412,27,0,0
BRDA:412,27,1,0
BRF:65
BRH:0
end_of_record
TN:
SF:src\components\Dashboard.tsx
FN:10,Dashboard
FN:23,(anonymous_1)
FN:27,(anonymous_2)
FN:38,(anonymous_3)
FN:41,(anonymous_4)
FN:45,(anonymous_5)
FN:53,(anonymous_6)
FN:64,(anonymous_7)
FN:90,(anonymous_8)
FN:108,(anonymous_9)
FN:226,(anonymous_10)
FN:231,(anonymous_11)
FN:263,(anonymous_12)
FNF:13
FNH:0
FNDA:0,Dashboard
FNDA:0,(anonymous_1)
FNDA:0,(anonymous_2)
FNDA:0,(anonymous_3)
FNDA:0,(anonymous_4)
FNDA:0,(anonymous_5)
FNDA:0,(anonymous_6)
FNDA:0,(anonymous_7)
FNDA:0,(anonymous_8)
FNDA:0,(anonymous_9)
FNDA:0,(anonymous_10)
FNDA:0,(anonymous_11)
FNDA:0,(anonymous_12)
DA:1,0
DA:2,0
DA:3,0
DA:4,0
DA:5,0
DA:6,0
DA:7,0
DA:8,0
DA:10,0
DA:11,0
DA:18,0
DA:19,0
DA:20,0
DA:21,0
DA:23,0
DA:24,0
DA:27,0
DA:28,0
DA:29,0
DA:32,0
DA:33,0
DA:36,0
DA:37,0
DA:38,0
DA:41,0
DA:42,0
DA:43,0
DA:44,0
DA:45,0
DA:46,0
DA:53,0
DA:54,0
DA:55,0
DA:56,0
DA:57,0
DA:64,0
DA:71,0
DA:72,0
DA:75,0
DA:83,0
DA:85,0
DA:90,0
DA:91,0
DA:92,0
DA:93,0
DA:102,0
DA:104,0
DA:109,0
DA:110,0
DA:226,0
DA:232,0
DA:264,0
LF:52
LH:0
BRDA:91,0,0,0
BRDA:91,0,1,0
BRF:2
BRH:0
end_of_record
TN:
SF:src\components\DepartmentManagement.tsx
FN:26,DepartmentManagement
FN:33,(anonymous_1)
FN:37,(anonymous_2)
FN:46,(anonymous_3)
FN:51,(anonymous_4)
FN:82,(anonymous_5)
FN:83,(anonymous_6)
FN:88,(anonymous_7)
FN:104,(anonymous_8)
FN:119,(anonymous_9)
FN:128,(anonymous_10)
FN:137,(anonymous_11)
FN:146,(anonymous_12)
FN:156,(anonymous_13)
FN:166,(anonymous_14)
FN:175,(anonymous_15)
FN:183,(anonymous_16)
FN:198,(anonymous_17)
FN:204,(anonymous_18)
FN:234,(anonymous_19)
FN:260,(anonymous_20)
FN:261,(anonymous_21)
FN:262,(anonymous_22)
FN:263,(anonymous_23)
FN:264,(anonymous_24)
FN:267,ChangePassword
FN:280,(anonymous_26)
FN:299,(anonymous_27)
FN:329,(anonymous_28)
FN:337,(anonymous_29)
FN:351,(anonymous_30)
FN:359,(anonymous_31)
FN:373,(anonymous_32)
FN:381,(anonymous_33)
FNF:34
FNH:0
FNDA:0,DepartmentManagement
FNDA:0,(anonymous_1)
FNDA:0,(anonymous_2)
FNDA:0,(anonymous_3)
FNDA:0,(anonymous_4)
FNDA:0,(anonymous_5)
FNDA:0,(anonymous_6)
FNDA:0,(anonymous_7)
FNDA:0,(anonymous_8)
FNDA:0,(anonymous_9)
FNDA:0,(anonymous_10)
FNDA:0,(anonymous_11)
FNDA:0,(anonymous_12)
FNDA:0,(anonymous_13)
FNDA:0,(anonymous_14)
FNDA:0,(anonymous_15)
FNDA:0,(anonymous_16)
FNDA:0,(anonymous_17)
FNDA:0,(anonymous_18)
FNDA:0,(anonymous_19)
FNDA:0,(anonymous_20)
FNDA:0,(anonymous_21)
FNDA:0,(anonymous_22)
FNDA:0,(anonymous_23)
FNDA:0,(anonymous_24)
FNDA:0,ChangePassword
FNDA:0,(anonymous_26)
FNDA:0,(anonymous_27)
FNDA:0,(anonymous_28)
FNDA:0,(anonymous_29)
FNDA:0,(anonymous_30)
FNDA:0,(anonymous_31)
FNDA:0,(anonymous_32)
FNDA:0,(anonymous_33)
DA:1,0
DA:2,0
DA:3,0
DA:4,0
DA:5,0
DA:6,0
DA:7,0
DA:8,0
DA:9,0
DA:10,0
DA:26,0
DA:27,0
DA:28,0
DA:29,0
DA:30,0
DA:31,0
DA:33,0
DA:34,0
DA:37,0
DA:38,0
DA:39,0
DA:40,0
DA:42,0
DA:46,0
DA:47,0
DA:51,0
DA:52,0
DA:53,0
DA:54,0
DA:57,0
DA:58,0
DA:59,0
DA:69,0
DA:71,0
DA:72,0
DA:73,0
DA:75,0
DA:76,0
DA:78,0
DA:82,0
DA:83,0
DA:84,0
DA:85,0
DA:88,0
DA:89,0
DA:92,0
DA:104,0
DA:119,0
DA:128,0
DA:137,0
DA:146,0
DA:156,0
DA:166,0
DA:175,0
DA:183,0
DA:198,0
DA:205,0
DA:234,0
DA:260,0
DA:261,0
DA:262,0
DA:263,0
DA:264,0
DA:267,0
DA:268,0
DA:273,0
DA:278,0
DA:280,0
DA:281,0
DA:282,0
DA:283,0
DA:286,0
DA:287,0
DA:288,0
DA:291,0
DA:292,0
DA:293,0
DA:296,0
DA:297,0
DA:299,0
DA:301,0
DA:302,0
DA:304,0
DA:305,0
DA:307,0
DA:311,0
DA:329,0
DA:337,0
DA:351,0
DA:359,0
DA:373,0
DA:381,0
LF:92
LH:0
BRDA:40,0,0,0
BRDA:40,0,1,0
BRDA:47,1,0,0
BRDA:47,1,1,0
BRDA:52,2,0,0
BRDA:52,2,1,0
BRDA:52,3,0,0
BRDA:52,3,1,0
BRDA:61,4,0,0
BRDA:61,4,1,0
BRDA:63,5,0,0
BRDA:63,5,1,0
BRDA:64,6,0,0
BRDA:64,6,1,0
BRDA:65,7,0,0
BRDA:65,7,1,0
BRDA:66,8,0,0
BRDA:66,8,1,0
BRDA:84,9,0,0
BRDA:84,9,1,0
BRDA:86,10,0,0
BRDA:86,10,1,0
BRDA:88,11,0,0
BRDA:88,11,1,0
BRDA:118,12,0,0
BRDA:118,12,1,0
BRDA:127,13,0,0
BRDA:127,13,1,0
BRDA:136,14,0,0
BRDA:136,14,1,0
BRDA:145,15,0,0
BRDA:145,15,1,0
BRDA:155,16,0,0
BRDA:155,16,1,0
BRDA:165,17,0,0
BRDA:165,17,1,0
BRDA:174,18,0,0
BRDA:174,18,1,0
BRDA:185,19,0,0
BRDA:185,19,1,0
BRDA:217,20,0,0
BRDA:217,20,1,0
BRDA:233,21,0,0
BRDA:233,21,1,0
BRDA:237,22,0,0
BRDA:237,22,1,0
BRDA:247,23,0,0
BRDA:247,23,1,0
BRDA:281,24,0,0
BRDA:281,24,1,0
BRDA:281,25,0,0
BRDA:281,25,1,0
BRDA:281,25,2,0
BRDA:286,26,0,0
BRDA:286,26,1,0
BRDA:291,27,0,0
BRDA:291,27,1,0
BRDA:327,28,0,0
BRDA:327,28,1,0
BRDA:339,29,0,0
BRDA:339,29,1,0
BRDA:349,30,0,0
BRDA:349,30,1,0
BRDA:361,31,0,0
BRDA:361,31,1,0
BRDA:371,32,0,0
BRDA:371,32,1,0
BRDA:383,33,0,0
BRDA:383,33,1,0
BRDA:391,34,0,0
BRDA:391,34,1,0
BRF:71
BRH:0
end_of_record
TN:
SF:src\components\DischargeManagement.tsx
FN:9,(anonymous_9)
FN:28,(anonymous_10)
FN:52,(anonymous_11)
FN:85,(anonymous_12)
FN:161,(anonymous_13)
FN:169,(anonymous_14)
FN:177,(anonymous_15)
FN:185,(anonymous_16)
FN:193,(anonymous_17)
FN:201,(anonymous_18)
FN:209,(anonymous_19)
FN:214,(anonymous_20)
FN:218,(anonymous_21)
FN:231,(anonymous_22)
FN:241,(anonymous_23)
FNF:15
FNH:0
FNDA:0,(anonymous_9)
FNDA:0,(anonymous_10)
FNDA:0,(anonymous_11)
FNDA:0,(anonymous_12)
FNDA:0,(anonymous_13)
FNDA:0,(anonymous_14)
FNDA:0,(anonymous_15)
FNDA:0,(anonymous_16)
FNDA:0,(anonymous_17)
FNDA:0,(anonymous_18)
FNDA:0,(anonymous_19)
FNDA:0,(anonymous_20)
FNDA:0,(anonymous_21)
FNDA:0,(anonymous_22)
FNDA:0,(anonymous_23)
DA:3,0
DA:4,0
DA:5,0
DA:6,0
DA:7,0
DA:9,0
DA:10,0
DA:11,0
DA:12,0
DA:13,0
DA:14,0
DA:15,0
DA:28,0
DA:29,0
DA:31,0
DA:32,0
DA:33,0
DA:34,0
DA:37,0
DA:38,0
DA:39,0
DA:44,0
DA:45,0
DA:47,0
DA:52,0
DA:53,0
DA:54,0
DA:56,0
DA:57,0
DA:58,0
DA:63,0
DA:64,0
DA:65,0
DA:67,0
DA:68,0
DA:70,0
DA:74,0
DA:85,0
DA:161,0
DA:169,0
DA:177,0
DA:185,0
DA:193,0
DA:201,0
DA:209,0
DA:214,0
DA:218,0
DA:231,0
DA:241,0
DA:307,0
LF:50
LH:0
BRDA:29,0,0,0
BRDA:29,0,1,0
BRDA:54,1,0,0
BRDA:54,1,1,0
BRDA:93,2,0,0
BRDA:93,2,1,0
BRDA:115,3,0,0
BRDA:115,3,1,0
BRDA:116,4,0,0
BRDA:116,4,1,0
BRDA:154,5,0,0
BRDA:154,5,1,0
BRDA:160,6,0,0
BRDA:160,6,1,0
BRDA:225,7,0,0
BRDA:225,7,1,0
BRDA:273,8,0,0
BRDA:273,8,1,0
BRDA:278,9,0,0
BRDA:278,9,1,0
BRDA:285,10,0,0
BRDA:285,10,1,0
BRDA:286,11,0,0
BRDA:286,11,1,0
BRDA:292,12,0,0
BRDA:292,12,1,0
BRF:26
BRH:0
end_of_record
TN:
SF:src\components\DoctorManagement.tsx
FN:30,DoctorManagement
FN:38,(anonymous_1)
FN:42,(anonymous_2)
FN:51,(anonymous_3)
FN:57,(anonymous_4)
FN:115,(anonymous_5)
FN:157,(anonymous_6)
FN:170,(anonymous_7)
FN:178,(anonymous_8)
FN:184,(anonymous_9)
FN:185,(anonymous_10)
FN:186,(anonymous_11)
FN:204,(anonymous_12)
FN:239,(anonymous_13)
FN:259,(anonymous_14)
FN:269,(anonymous_15)
FN:289,(anonymous_16)
FN:309,(anonymous_17)
FN:318,(anonymous_18)
FN:329,(anonymous_19)
FN:339,(anonymous_20)
FN:349,(anonymous_21)
FN:359,(anonymous_22)
FN:368,(anonymous_23)
FN:379,(anonymous_24)
FN:397,(anonymous_25)
FN:406,(anonymous_26)
FN:460,(anonymous_27)
FN:473,(anonymous_28)
FNF:29
FNH:0
FNDA:0,DoctorManagement
FNDA:0,(anonymous_1)
FNDA:0,(anonymous_2)
FNDA:0,(anonymous_3)
FNDA:0,(anonymous_4)
FNDA:0,(anonymous_5)
FNDA:0,(anonymous_6)
FNDA:0,(anonymous_7)
FNDA:0,(anonymous_8)
FNDA:0,(anonymous_9)
FNDA:0,(anonymous_10)
FNDA:0,(anonymous_11)
FNDA:0,(anonymous_12)
FNDA:0,(anonymous_13)
FNDA:0,(anonymous_14)
FNDA:0,(anonymous_15)
FNDA:0,(anonymous_16)
FNDA:0,(anonymous_17)
FNDA:0,(anonymous_18)
FNDA:0,(anonymous_19)
FNDA:0,(anonymous_20)
FNDA:0,(anonymous_21)
FNDA:0,(anonymous_22)
FNDA:0,(anonymous_23)
FNDA:0,(anonymous_24)
FNDA:0,(anonymous_25)
FNDA:0,(anonymous_26)
FNDA:0,(anonymous_27)
FNDA:0,(anonymous_28)
DA:1,0
DA:2,0
DA:3,0
DA:4,0
DA:5,0
DA:6,0
DA:7,0
DA:8,0
DA:9,0
DA:10,0
DA:30,0
DA:31,0
DA:32,0
DA:33,0
DA:34,0
DA:35,0
DA:36,0
DA:38,0
DA:39,0
DA:42,0
DA:43,0
DA:44,0
DA:45,0
DA:47,0
DA:51,0
DA:52,0
DA:57,0
DA:58,0
DA:59,0
DA:60,0
DA:63,0
DA:64,0
DA:66,0
DA:84,0
DA:87,0
DA:103,0
DA:104,0
DA:105,0
DA:106,0
DA:108,0
DA:109,0
DA:111,0
DA:115,0
DA:116,0
DA:117,0
DA:118,0
DA:119,0
DA:122,0
DA:123,0
DA:125,0
DA:140,0
DA:143,0
DA:157,0
DA:158,0
DA:159,0
DA:160,0
DA:161,0
DA:163,0
DA:164,0
DA:166,0
DA:170,0
DA:171,0
DA:173,0
DA:174,0
DA:176,0
DA:178,0
DA:179,0
DA:182,0
DA:184,0
DA:185,0
DA:186,0
DA:189,0
DA:205,0
DA:206,0
DA:240,0
DA:241,0
DA:259,0
DA:269,0
DA:289,0
DA:309,0
DA:318,0
DA:329,0
DA:339,0
DA:349,0
DA:359,0
DA:368,0
DA:379,0
DA:397,0
DA:407,0
DA:461,0
DA:462,0
DA:463,0
DA:473,0
LF:93
LH:0
BRDA:45,0,0,0
BRDA:45,0,1,0
BRDA:52,1,0,0
BRDA:52,1,1,0
BRDA:52,1,2,0
BRDA:58,2,0,0
BRDA:58,2,1,0
BRDA:58,3,0,0
BRDA:58,3,1,0
BRDA:58,3,2,0
BRDA:58,3,3,0
BRDA:70,4,0,0
BRDA:70,4,1,0
BRDA:75,5,0,0
BRDA:75,5,1,0
BRDA:76,6,0,0
BRDA:76,6,1,0
BRDA:78,7,0,0
BRDA:78,7,1,0
BRDA:79,8,0,0
BRDA:79,8,1,0
BRDA:88,9,0,0
BRDA:88,9,1,0
BRDA:98,10,0,0
BRDA:98,10,1,0
BRDA:116,11,0,0
BRDA:116,11,1,0
BRDA:117,12,0,0
BRDA:117,12,1,0
BRDA:117,13,0,0
BRDA:117,13,1,0
BRDA:117,13,2,0
BRDA:117,13,3,0
BRDA:132,14,0,0
BRDA:132,14,1,0
BRDA:135,15,0,0
BRDA:135,15,1,0
BRDA:136,16,0,0
BRDA:136,16,1,0
BRDA:157,17,0,0
BRDA:157,17,1,0
BRDA:171,18,0,0
BRDA:171,18,1,0
BRDA:251,19,0,0
BRDA:251,19,1,0
BRDA:258,20,0,0
BRDA:258,20,1,0
BRDA:268,21,0,0
BRDA:268,21,1,0
BRDA:288,22,0,0
BRDA:288,22,1,0
BRDA:308,23,0,0
BRDA:308,23,1,0
BRDA:309,24,0,0
BRDA:309,24,1,0
BRDA:317,25,0,0
BRDA:317,25,1,0
BRDA:328,26,0,0
BRDA:328,26,1,0
BRDA:338,27,0,0
BRDA:338,27,1,0
BRDA:348,28,0,0
BRDA:348,28,1,0
BRDA:349,29,0,0
BRDA:349,29,1,0
BRDA:358,30,0,0
BRDA:358,30,1,0
BRDA:359,31,0,0
BRDA:359,31,1,0
BRDA:367,32,0,0
BRDA:367,32,1,0
BRDA:383,33,0,0
BRDA:383,33,1,0
BRDA:384,34,0,0
BRDA:384,34,1,0
BRDA:384,34,2,0
BRDA:384,34,3,0
BRDA:384,34,4,0
BRDA:387,35,0,0
BRDA:387,35,1,0
BRDA:387,36,0,0
BRDA:387,36,1,0
BRDA:434,37,0,0
BRDA:434,37,1,0
BRDA:439,38,0,0
BRDA:439,38,1,0
BRDA:441,39,0,0
BRDA:441,39,1,0
BRDA:445,40,0,0
BRDA:445,40,1,0
BRDA:448,41,0,0
BRDA:448,41,1,0
BRDA:481,42,0,0
BRDA:481,42,1,0
BRF:94
BRH:0
end_of_record
TN:
SF:src\components\DoctorPatientManagement.tsx
FN:9,(anonymous_9)
FN:24,(anonymous_10)
FN:43,(anonymous_11)
FN:69,(anonymous_12)
FN:103,(anonymous_13)
FN:151,(anonymous_14)
FN:158,(anonymous_15)
FN:161,(anonymous_16)
FN:170,(anonymous_17)
FN:178,(anonymous_18)
FN:187,(anonymous_19)
FN:208,(anonymous_20)
FN:233,(anonymous_21)
FN:241,(anonymous_22)
FNF:14
FNH:0
FNDA:0,(anonymous_9)
FNDA:0,(anonymous_10)
FNDA:0,(anonymous_11)
FNDA:0,(anonymous_12)
FNDA:0,(anonymous_13)
FNDA:0,(anonymous_14)
FNDA:0,(anonymous_15)
FNDA:0,(anonymous_16)
FNDA:0,(anonymous_17)
FNDA:0,(anonymous_18)
FNDA:0,(anonymous_19)
FNDA:0,(anonymous_20)
FNDA:0,(anonymous_21)
FNDA:0,(anonymous_22)
DA:3,0
DA:4,0
DA:5,0
DA:6,0
DA:7,0
DA:9,0
DA:10,0
DA:11,0
DA:12,0
DA:13,0
DA:14,0
DA:15,0
DA:21,0
DA:24,0
DA:25,0
DA:27,0
DA:28,0
DA:29,0
DA:30,0
DA:32,0
DA:33,0
DA:35,0
DA:36,0
DA:38,0
DA:43,0
DA:44,0
DA:45,0
DA:47,0
DA:48,0
DA:49,0
DA:56,0
DA:57,0
DA:58,0
DA:59,0
DA:61,0
DA:62,0
DA:64,0
DA:69,0
DA:70,0
DA:71,0
DA:72,0
DA:73,0
DA:75,0
DA:78,0
DA:79,0
DA:80,0
DA:83,0
DA:85,0
DA:86,0
DA:88,0
DA:92,0
DA:103,0
DA:151,0
DA:158,0
DA:162,0
DA:170,0
DA:178,0
DA:187,0
DA:209,0
DA:233,0
DA:241,0
DA:260,0
LF:62
LH:0
BRDA:25,0,0,0
BRDA:25,0,1,0
BRDA:45,1,0,0
BRDA:45,1,1,0
BRDA:73,2,0,0
BRDA:73,2,1,0
BRDA:78,3,0,0
BRDA:78,3,1,0
BRDA:111,4,0,0
BRDA:111,4,1,0
BRDA:134,5,0,0
BRDA:134,5,1,0
BRDA:135,6,0,0
BRDA:135,6,1,0
BRDA:150,7,0,0
BRDA:150,7,1,0
BRDA:204,8,0,0
BRDA:204,8,1,0
BRDA:216,9,0,0
BRDA:216,9,1,0
BRDA:217,10,0,0
BRDA:217,10,1,0
BRDA:226,11,0,0
BRDA:226,11,1,0
BRDA:229,12,0,0
BRDA:229,12,1,0
BRF:26
BRH:0
end_of_record
TN:
SF:src\components\DoctorPortal.tsx
FN:27,DoctorPortal
FN:39,(anonymous_1)
FN:43,(anonymous_2)
FN:52,(anonymous_3)
FN:57,(anonymous_4)
FN:60,(anonymous_5)
FN:71,(anonymous_6)
FN:72,(anonymous_7)
FN:115,(anonymous_8)
FN:154,(anonymous_9)
FN:211,(anonymous_10)
FN:222,(anonymous_11)
FN:268,(anonymous_12)
FNF:13
FNH:0
FNDA:0,DoctorPortal
FNDA:0,(anonymous_1)
FNDA:0,(anonymous_2)
FNDA:0,(anonymous_3)
FNDA:0,(anonymous_4)
FNDA:0,(anonymous_5)
FNDA:0,(anonymous_6)
FNDA:0,(anonymous_7)
FNDA:0,(anonymous_8)
FNDA:0,(anonymous_9)
FNDA:0,(anonymous_10)
FNDA:0,(anonymous_11)
FNDA:0,(anonymous_12)
DA:1,0
DA:2,0
DA:3,0
DA:15,0
DA:16,0
DA:17,0
DA:19,0
DA:20,0
DA:21,0
DA:27,0
DA:28,0
DA:29,0
DA:30,0
DA:31,0
DA:37,0
DA:39,0
DA:40,0
DA:43,0
DA:44,0
DA:45,0
DA:46,0
DA:49,0
DA:52,0
DA:53,0
DA:57,0
DA:60,0
DA:68,0
DA:71,0
DA:72,0
DA:74,0
DA:81,0
DA:82,0
DA:84,0
DA:88,0
DA:95,0
DA:101,0
DA:116,0
DA:117,0
DA:155,0
DA:212,0
DA:222,0
DA:269,0
LF:42
LH:0
BRDA:28,0,0,0
BRDA:28,0,1,0
BRDA:53,1,0,0
BRDA:53,1,1,0
BRDA:64,2,0,0
BRDA:64,2,1,0
BRDA:65,3,0,0
BRDA:65,3,1,0
BRDA:65,4,0,0
BRDA:65,4,1,0
BRDA:172,5,0,0
BRDA:172,5,1,0
BRDA:174,6,0,0
BRDA:174,6,1,0
BRDA:179,7,0,0
BRDA:179,7,1,0
BRDA:181,8,0,0
BRDA:181,8,1,0
BRDA:188,9,0,0
BRDA:188,9,1,0
BRDA:236,10,0,0
BRDA:236,10,1,0
BRDA:238,11,0,0
BRDA:238,11,1,0
BRDA:278,12,0,0
BRDA:278,12,1,0
BRDA:280,13,0,0
BRDA:280,13,1,0
BRF:28
BRH:0
end_of_record
TN:
SF:src\components\DownloadCenter.tsx
FN:36,DownloadCenter
FN:55,(anonymous_1)
FN:59,(anonymous_2)
FN:112,(anonymous_3)
FN:120,(anonymous_4)
FN:133,(anonymous_5)
FN:144,(anonymous_6)
FN:145,(anonymous_7)
FN:155,(anonymous_8)
FN:171,(anonymous_9)
FN:193,(anonymous_10)
FN:196,(anonymous_11)
FN:196,(anonymous_12)
FN:214,(anonymous_13)
FN:216,(anonymous_14)
FN:216,(anonymous_15)
FN:223,(anonymous_16)
FN:260,(anonymous_17)
FN:260,(anonymous_18)
FN:268,(anonymous_19)
FN:268,(anonymous_20)
FN:274,(anonymous_21)
FN:289,(anonymous_22)
FN:289,(anonymous_23)
FN:307,(anonymous_24)
FN:307,(anonymous_25)
FN:324,(anonymous_26)
FN:324,(anonymous_27)
FN:333,(anonymous_28)
FN:336,(anonymous_29)
FN:355,(anonymous_30)
FN:396,(anonymous_31)
FN:407,(anonymous_32)
FN:422,(anonymous_33)
FN:432,(anonymous_34)
FN:474,(anonymous_35)
FN:500,(anonymous_36)
FN:507,(anonymous_37)
FN:527,(anonymous_38)
FNF:39
FNH:0
FNDA:0,DownloadCenter
FNDA:0,(anonymous_1)
FNDA:0,(anonymous_2)
FNDA:0,(anonymous_3)
FNDA:0,(anonymous_4)
FNDA:0,(anonymous_5)
FNDA:0,(anonymous_6)
FNDA:0,(anonymous_7)
FNDA:0,(anonymous_8)
FNDA:0,(anonymous_9)
FNDA:0,(anonymous_10)
FNDA:0,(anonymous_11)
FNDA:0,(anonymous_12)
FNDA:0,(anonymous_13)
FNDA:0,(anonymous_14)
FNDA:0,(anonymous_15)
FNDA:0,(anonymous_16)
FNDA:0,(anonymous_17)
FNDA:0,(anonymous_18)
FNDA:0,(anonymous_19)
FNDA:0,(anonymous_20)
FNDA:0,(anonymous_21)
FNDA:0,(anonymous_22)
FNDA:0,(anonymous_23)
FNDA:0,(anonymous_24)
FNDA:0,(anonymous_25)
FNDA:0,(anonymous_26)
FNDA:0,(anonymous_27)
FNDA:0,(anonymous_28)
FNDA:0,(anonymous_29)
FNDA:0,(anonymous_30)
FNDA:0,(anonymous_31)
FNDA:0,(anonymous_32)
FNDA:0,(anonymous_33)
FNDA:0,(anonymous_34)
FNDA:0,(anonymous_35)
FNDA:0,(anonymous_36)
FNDA:0,(anonymous_37)
FNDA:0,(anonymous_38)
DA:1,0
DA:2,0
DA:3,0
DA:4,0
DA:5,0
DA:6,0
DA:7,0
DA:8,0
DA:9,0
DA:10,0
DA:11,0
DA:12,0
DA:13,0
DA:36,0
DA:37,0
DA:38,0
DA:39,0
DA:40,0
DA:41,0
DA:42,0
DA:43,0
DA:44,0
DA:46,0
DA:55,0
DA:56,0
DA:59,0
DA:61,0
DA:103,0
DA:112,0
DA:113,0
DA:114,0
DA:115,0
DA:116,0
DA:117,0
DA:120,0
DA:121,0
DA:123,0
DA:125,0
DA:127,0
DA:129,0
DA:133,0
DA:134,0
DA:135,0
DA:136,0
DA:139,0
DA:140,0
DA:142,0
DA:144,0
DA:145,0
DA:146,0
DA:147,0
DA:148,0
DA:150,0
DA:155,0
DA:157,0
DA:171,0
DA:174,0
DA:183,0
DA:184,0
DA:186,0
DA:188,0
DA:189,0
DA:193,0
DA:194,0
DA:196,0
DA:197,0
DA:201,0
DA:202,0
DA:203,0
DA:204,0
DA:205,0
DA:206,0
DA:208,0
DA:210,0
DA:214,0
DA:215,0
DA:216,0
DA:217,0
DA:219,0
DA:223,0
DA:224,0
DA:226,0
DA:227,0
DA:229,0
DA:232,0
DA:260,0
DA:268,0
DA:275,0
DA:289,0
DA:307,0
DA:324,0
DA:334,0
DA:335,0
DA:336,0
DA:355,0
DA:396,0
DA:407,0
DA:422,0
DA:433,0
DA:475,0
DA:500,0
DA:507,0
DA:528,0
LF:103
LH:0
BRDA:113,0,0,0
BRDA:113,0,1,0
BRDA:121,1,0,0
BRDA:121,1,1,0
BRDA:121,1,2,0
BRDA:121,1,3,0
BRDA:134,2,0,0
BRDA:134,2,1,0
BRDA:134,3,0,0
BRDA:134,3,1,0
BRDA:134,3,2,0
BRDA:146,4,0,0
BRDA:146,4,1,0
BRDA:197,5,0,0
BRDA:197,5,1,0
BRDA:224,6,0,0
BRDA:224,6,1,0
BRDA:226,7,0,0
BRDA:226,7,1,0
BRDA:227,8,0,0
BRDA:227,8,1,0
BRDA:229,9,0,0
BRDA:229,9,1,0
BRDA:229,9,2,0
BRDA:306,10,0,0
BRDA:306,10,1,0
BRDA:335,11,0,0
BRDA:335,11,1,0
BRDA:339,12,0,0
BRDA:339,12,1,0
BRDA:346,13,0,0
BRDA:346,13,1,0
BRDA:359,14,0,0
BRDA:359,14,1,0
BRDA:481,15,0,0
BRDA:481,15,1,0
BRF:36
BRH:0
end_of_record
TN:
SF:src\components\DrugInteractionChecker.tsx
FN:11,DrugInteractionChecker
FN:17,(anonymous_1)
FN:26,(anonymous_2)
FN:27,(anonymous_3)
FN:31,(anonymous_4)
FN:57,(anonymous_5)
FN:58,(anonymous_6)
FN:68,(anonymous_7)
FN:71,(anonymous_8)
FNF:9
FNH:0
FNDA:0,DrugInteractionChecker
FNDA:0,(anonymous_1)
FNDA:0,(anonymous_2)
FNDA:0,(anonymous_3)
FNDA:0,(anonymous_4)
FNDA:0,(anonymous_5)
FNDA:0,(anonymous_6)
FNDA:0,(anonymous_7)
FNDA:0,(anonymous_8)
DA:3,0
DA:4,0
DA:5,0
DA:6,0
DA:7,0
DA:8,0
DA:9,0
DA:11,0
DA:12,0
DA:13,0
DA:14,0
DA:15,0
DA:17,0
DA:18,0
DA:19,0
DA:20,0
DA:21,0
DA:22,0
DA:26,0
DA:27,0
DA:28,0
DA:31,0
DA:32,0
DA:33,0
DA:35,0
DA:39,0
DA:42,0
DA:57,0
DA:58,0
DA:69,0
DA:71,0
LF:31
LH:0
BRDA:19,0,0,0
BRDA:19,0,1,0
BRDA:19,1,0,0
BRDA:19,1,1,0
BRDA:32,2,0,0
BRDA:32,2,1,0
BRDA:58,3,0,0
BRDA:58,3,1,0
BRDA:66,4,0,0
BRDA:66,4,1,0
BRDA:79,5,0,0
BRDA:79,5,1,0
BRDA:81,6,0,0
BRDA:81,6,1,0
BRDA:86,7,0,0
BRDA:86,7,1,0
BRF:16
BRH:0
end_of_record
TN:
SF:src\components\EmergencyManagement.tsx
FN:41,EmergencyManagement
FN:50,(anonymous_1)
FN:54,(anonymous_2)
FN:60,(anonymous_3)
FN:61,(anonymous_4)
FN:84,(anonymous_5)
FN:132,(anonymous_6)
FN:140,(anonymous_7)
FN:150,(anonymous_8)
FN:160,(anonymous_9)
FN:173,(anonymous_10)
FN:246,(anonymous_11)
FN:259,(anonymous_12)
FN:260,(anonymous_13)
FN:261,(anonymous_14)
FN:262,(anonymous_15)
FN:263,(anonymous_16)
FN:275,(anonymous_17)
FN:323,(anonymous_18)
FN:344,(anonymous_19)
FN:348,(anonymous_20)
FN:359,(anonymous_21)
FN:367,(anonymous_22)
FN:377,(anonymous_23)
FN:432,(anonymous_24)
FN:439,(anonymous_25)
FNF:26
FNH:0
FNDA:0,EmergencyManagement
FNDA:0,(anonymous_1)
FNDA:0,(anonymous_2)
FNDA:0,(anonymous_3)
FNDA:0,(anonymous_4)
FNDA:0,(anonymous_5)
FNDA:0,(anonymous_6)
FNDA:0,(anonymous_7)
FNDA:0,(anonymous_8)
FNDA:0,(anonymous_9)
FNDA:0,(anonymous_10)
FNDA:0,(anonymous_11)
FNDA:0,(anonymous_12)
FNDA:0,(anonymous_13)
FNDA:0,(anonymous_14)
FNDA:0,(anonymous_15)
FNDA:0,(anonymous_16)
FNDA:0,(anonymous_17)
FNDA:0,(anonymous_18)
FNDA:0,(anonymous_19)
FNDA:0,(anonymous_20)
FNDA:0,(anonymous_21)
FNDA:0,(anonymous_22)
FNDA:0,(anonymous_23)
FNDA:0,(anonymous_24)
FNDA:0,(anonymous_25)
DA:1,0
DA:2,0
DA:3,0
DA:4,0
DA:5,0
DA:6,0
DA:7,0
DA:8,0
DA:9,0
DA:10,0
DA:11,0
DA:12,0
DA:13,0
DA:14,0
DA:41,0
DA:42,0
DA:43,0
DA:44,0
DA:45,0
DA:46,0
DA:47,0
DA:48,0
DA:50,0
DA:51,0
DA:54,0
DA:55,0
DA:57,0
DA:59,0
DA:60,0
DA:61,0
DA:76,0
DA:78,0
DA:79,0
DA:80,0
DA:84,0
DA:85,0
DA:86,0
DA:87,0
DA:90,0
DA:91,0
DA:92,0
DA:107,0
DA:118,0
DA:119,0
DA:120,0
DA:121,0
DA:122,0
DA:125,0
DA:126,0
DA:128,0
DA:132,0
DA:133,0
DA:135,0
DA:137,0
DA:140,0
DA:141,0
DA:142,0
DA:143,0
DA:144,0
DA:145,0
DA:146,0
DA:150,0
DA:151,0
DA:152,0
DA:153,0
DA:154,0
DA:155,0
DA:156,0
DA:160,0
DA:161,0
DA:162,0
DA:163,0
DA:164,0
DA:165,0
DA:167,0
DA:168,0
DA:170,0
DA:173,0
DA:174,0
DA:246,0
DA:258,0
DA:259,0
DA:260,0
DA:261,0
DA:262,0
DA:263,0
DA:266,0
DA:275,0
DA:323,0
DA:345,0
DA:346,0
DA:349,0
DA:359,0
DA:367,0
DA:377,0
DA:432,0
DA:439,0
LF:97
LH:0
BRDA:59,0,0,0
BRDA:59,0,1,0
BRDA:60,1,0,0
BRDA:60,1,1,0
BRDA:60,1,2,0
BRDA:62,2,0,0
BRDA:62,2,1,0
BRDA:63,3,0,0
BRDA:63,3,1,0
BRDA:63,3,2,0
BRDA:64,4,0,0
BRDA:64,4,1,0
BRDA:65,5,0,0
BRDA:65,5,1,0
BRDA:66,6,0,0
BRDA:66,6,1,0
BRDA:66,6,2,0
BRDA:67,7,0,0
BRDA:67,7,1,0
BRDA:68,8,0,0
BRDA:68,8,1,0
BRDA:68,8,2,0
BRDA:69,9,0,0
BRDA:69,9,1,0
BRDA:70,10,0,0
BRDA:70,10,1,0
BRDA:70,10,2,0
BRDA:71,11,0,0
BRDA:71,11,1,0
BRDA:71,11,2,0
BRDA:72,12,0,0
BRDA:72,12,1,0
BRDA:74,13,0,0
BRDA:74,13,1,0
BRDA:85,14,0,0
BRDA:85,14,1,0
BRDA:85,15,0,0
BRDA:85,15,1,0
BRDA:94,16,0,0
BRDA:94,16,1,0
BRDA:95,17,0,0
BRDA:95,17,1,0
BRDA:96,18,0,0
BRDA:96,18,1,0
BRDA:97,19,0,0
BRDA:97,19,1,0
BRDA:98,20,0,0
BRDA:98,20,1,0
BRDA:99,21,0,0
BRDA:99,21,1,0
BRDA:100,22,0,0
BRDA:100,22,1,0
BRDA:103,23,0,0
BRDA:103,23,1,0
BRDA:118,24,0,0
BRDA:118,24,1,0
BRDA:133,25,0,0
BRDA:133,25,1,0
BRDA:135,26,0,0
BRDA:135,26,1,0
BRDA:137,27,0,0
BRDA:137,27,1,0
BRDA:141,28,0,0
BRDA:141,28,1,0
BRDA:141,28,2,0
BRDA:141,28,3,0
BRDA:141,28,4,0
BRDA:151,29,0,0
BRDA:151,29,1,0
BRDA:151,29,2,0
BRDA:151,29,3,0
BRDA:151,29,4,0
BRDA:167,30,0,0
BRDA:167,30,1,0
BRDA:178,31,0,0
BRDA:178,31,1,0
BRDA:179,32,0,0
BRDA:179,32,1,0
BRDA:180,33,0,0
BRDA:180,33,1,0
BRDA:186,34,0,0
BRDA:186,34,1,0
BRDA:187,35,0,0
BRDA:187,35,1,0
BRDA:188,36,0,0
BRDA:188,36,1,0
BRDA:191,37,0,0
BRDA:191,37,1,0
BRDA:192,38,0,0
BRDA:192,38,1,0
BRDA:193,39,0,0
BRDA:193,39,1,0
BRDA:228,40,0,0
BRDA:228,40,1,0
BRDA:235,41,0,0
BRDA:235,41,1,0
BRDA:249,42,0,0
BRDA:249,42,1,0
BRDA:274,43,0,0
BRDA:274,43,1,0
BRDA:366,44,0,0
BRDA:366,44,1,0
BRDA:376,45,0,0
BRDA:376,45,1,0
BRDA:430,46,0,0
BRDA:430,46,1,0
BRDA:444,47,0,0
BRDA:444,47,1,0
BRDA:484,48,0,0
BRDA:484,48,1,0
BRF:110
BRH:0
end_of_record
TN:
SF:src\components\EmployeePage.tsx
FN:9,EmployeePage
FN:37,(anonymous_1)
FN:74,(anonymous_2)
FN:84,(anonymous_3)
FNF:4
FNH:0
FNDA:0,EmployeePage
FNDA:0,(anonymous_1)
FNDA:0,(anonymous_2)
FNDA:0,(anonymous_3)
DA:1,0
DA:2,0
DA:3,0
DA:9,0
DA:10,0
DA:17,0
DA:25,0
DA:38,0
DA:39,0
DA:75,0
DA:84,0
LF:11
LH:0
BRDA:92,0,0,0
BRDA:92,0,1,0
BRF:2
BRH:0
end_of_record
TN:
SF:src\components\EmployeePageNew.tsx
FN:27,EmployeePageNew
FN:38,(anonymous_1)
FN:42,(anonymous_2)
FN:54,(anonymous_3)
FN:84,(anonymous_4)
FN:100,(anonymous_5)
FN:112,(anonymous_6)
FN:117,(anonymous_7)
FN:126,(anonymous_8)
FN:134,(anonymous_9)
FN:135,(anonymous_10)
FN:136,(anonymous_11)
FN:160,(anonymous_12)
FN:175,(anonymous_13)
FN:213,(anonymous_14)
FN:221,(anonymous_15)
FN:253,(anonymous_16)
FN:264,(anonymous_17)
FN:294,(anonymous_18)
FN:302,(anonymous_19)
FN:311,(anonymous_20)
FN:319,(anonymous_21)
FN:327,(anonymous_22)
FN:335,(anonymous_23)
FN:350,(anonymous_24)
FNF:25
FNH:0
FNDA:0,EmployeePageNew
FNDA:0,(anonymous_1)
FNDA:0,(anonymous_2)
FNDA:0,(anonymous_3)
FNDA:0,(anonymous_4)
FNDA:0,(anonymous_5)
FNDA:0,(anonymous_6)
FNDA:0,(anonymous_7)
FNDA:0,(anonymous_8)
FNDA:0,(anonymous_9)
FNDA:0,(anonymous_10)
FNDA:0,(anonymous_11)
FNDA:0,(anonymous_12)
FNDA:0,(anonymous_13)
FNDA:0,(anonymous_14)
FNDA:0,(anonymous_15)
FNDA:0,(anonymous_16)
FNDA:0,(anonymous_17)
FNDA:0,(anonymous_18)
FNDA:0,(anonymous_19)
FNDA:0,(anonymous_20)
FNDA:0,(anonymous_21)
FNDA:0,(anonymous_22)
FNDA:0,(anonymous_23)
FNDA:0,(anonymous_24)
DA:1,0
DA:2,0
DA:3,0
DA:4,0
DA:5,0
DA:6,0
DA:7,0
DA:8,0
DA:9,0
DA:27,0
DA:28,0
DA:29,0
DA:30,0
DA:31,0
DA:32,0
DA:33,0
DA:35,0
DA:36,0
DA:38,0
DA:39,0
DA:42,0
DA:43,0
DA:44,0
DA:45,0
DA:48,0
DA:50,0
DA:54,0
DA:55,0
DA:56,0
DA:57,0
DA:60,0
DA:61,0
DA:73,0
DA:74,0
DA:75,0
DA:76,0
DA:78,0
DA:79,0
DA:80,0
DA:84,0
DA:85,0
DA:87,0
DA:88,0
DA:100,0
DA:101,0
DA:102,0
DA:103,0
DA:104,0
DA:106,0
DA:107,0
DA:108,0
DA:112,0
DA:113,0
DA:115,0
DA:116,0
DA:117,0
DA:118,0
DA:120,0
DA:121,0
DA:125,0
DA:127,0
DA:132,0
DA:134,0
DA:135,0
DA:136,0
DA:139,0
DA:140,0
DA:147,0
DA:161,0
DA:162,0
DA:163,0
DA:176,0
DA:177,0
DA:213,0
DA:222,0
DA:254,0
DA:255,0
DA:256,0
DA:264,0
DA:294,0
DA:302,0
DA:311,0
DA:319,0
DA:327,0
DA:335,0
DA:351,0
DA:352,0
DA:353,0
LF:88
LH:0
BRDA:35,0,0,0
BRDA:35,0,1,0
BRDA:36,1,0,0
BRDA:36,1,1,0
BRDA:55,2,0,0
BRDA:55,2,1,0
BRDA:55,3,0,0
BRDA:55,3,1,0
BRDA:55,3,2,0
BRDA:55,3,3,0
BRDA:55,3,4,0
BRDA:70,4,0,0
BRDA:70,4,1,0
BRDA:79,5,0,0
BRDA:79,5,1,0
BRDA:79,5,2,0
BRDA:85,6,0,0
BRDA:85,6,1,0
BRDA:100,7,0,0
BRDA:100,7,1,0
BRDA:107,8,0,0
BRDA:107,8,1,0
BRDA:107,8,2,0
BRDA:113,9,0,0
BRDA:113,9,1,0
BRDA:127,10,0,0
BRDA:127,10,1,0
BRDA:127,10,2,0
BRDA:139,11,0,0
BRDA:139,11,1,0
BRDA:158,12,0,0
BRDA:158,12,1,0
BRDA:231,13,0,0
BRDA:231,13,1,0
BRDA:241,14,0,0
BRDA:241,14,1,0
BRDA:246,15,0,0
BRDA:246,15,1,0
BRDA:248,16,0,0
BRDA:248,16,1,0
BRDA:279,17,0,0
BRDA:279,17,1,0
BRDA:287,18,0,0
BRDA:287,18,1,0
BRDA:293,19,0,0
BRDA:293,19,1,0
BRDA:301,20,0,0
BRDA:301,20,1,0
BRDA:310,21,0,0
BRDA:310,21,1,0
BRDA:318,22,0,0
BRDA:318,22,1,0
BRDA:326,23,0,0
BRDA:326,23,1,0
BRDA:334,24,0,0
BRDA:334,24,1,0
BRDA:344,25,0,0
BRDA:344,25,1,0
BRDA:347,26,0,0
BRDA:347,26,1,0
BRF:60
BRH:0
end_of_record
TN:
SF:src\components\ErrorBoundary.tsx
FN:24,(anonymous_1)
FN:63,(anonymous_2)
FN:33,(anonymous_3)
FN:37,(anonymous_4)
FN:71,(anonymous_5)
FN:113,(anonymous_6)
FNF:6
FNH:0
FNDA:0,(anonymous_1)
FNDA:0,(anonymous_2)
FNDA:0,(anonymous_3)
FNDA:0,(anonymous_4)
FNDA:0,(anonymous_5)
FNDA:0,(anonymous_6)
DA:3,0
DA:4,0
DA:5,0
DA:23,0
DA:25,0
DA:26,0
DA:34,0
DA:38,0
DA:44,0
DA:45,0
DA:49,0
DA:52,0
DA:53,0
DA:63,0
DA:64,0
DA:72,0
DA:73,0
DA:113,0
DA:127,0
LF:19
LH:0
BRDA:44,0,0,0
BRDA:44,0,1,0
BRDA:52,1,0,0
BRDA:52,1,1,0
BRDA:52,2,0,0
BRDA:52,2,1,0
BRDA:72,3,0,0
BRDA:72,3,1,0
BRDA:74,4,0,0
BRDA:74,4,1,0
BRDA:89,5,0,0
BRDA:89,5,1,0
BRDA:89,5,2,0
BRDA:93,6,0,0
BRDA:93,6,1,0
BRF:15
BRH:0
end_of_record
TN:
SF:src\components\ExpenseManagement.tsx
FN:25,ExpenseManagement
FN:31,(anonymous_1)
FN:32,(anonymous_2)
FN:35,(anonymous_3)
FN:40,(anonymous_4)
FN:60,(anonymous_5)
FN:63,(anonymous_6)
FN:67,(anonymous_7)
FN:78,(anonymous_8)
FN:93,(anonymous_9)
FN:103,(anonymous_10)
FN:112,(anonymous_11)
FN:130,(anonymous_12)
FN:138,(anonymous_13)
FN:146,(anonymous_14)
FN:160,(anonymous_15)
FN:182,(anonymous_16)
FN:192,(anonymous_17)
FNF:18
FNH:0
FNDA:0,ExpenseManagement
FNDA:0,(anonymous_1)
FNDA:0,(anonymous_2)
FNDA:0,(anonymous_3)
FNDA:0,(anonymous_4)
FNDA:0,(anonymous_5)
FNDA:0,(anonymous_6)
FNDA:0,(anonymous_7)
FNDA:0,(anonymous_8)
FNDA:0,(anonymous_9)
FNDA:0,(anonymous_10)
FNDA:0,(anonymous_11)
FNDA:0,(anonymous_12)
FNDA:0,(anonymous_13)
FNDA:0,(anonymous_14)
FNDA:0,(anonymous_15)
FNDA:0,(anonymous_16)
FNDA:0,(anonymous_17)
DA:1,0
DA:2,0
DA:3,0
DA:4,0
DA:5,0
DA:6,0
DA:7,0
DA:8,0
DA:9,0
DA:10,0
DA:25,0
DA:26,0
DA:27,0
DA:28,0
DA:29,0
DA:31,0
DA:32,0
DA:35,0
DA:36,0
DA:40,0
DA:41,0
DA:42,0
DA:43,0
DA:46,0
DA:53,0
DA:55,0
DA:56,0
DA:57,0
DA:60,0
DA:61,0
DA:62,0
DA:63,0
DA:64,0
DA:67,0
DA:69,0
DA:78,0
DA:93,0
DA:103,0
DA:112,0
DA:130,0
DA:138,0
DA:146,0
DA:160,0
DA:183,0
DA:192,0
LF:45
LH:0
BRDA:36,0,0,0
BRDA:36,0,1,0
BRDA:41,1,0,0
BRDA:41,1,1,0
BRDA:41,2,0,0
BRDA:41,2,1,0
BRDA:41,2,2,0
BRDA:48,3,0,0
BRDA:48,3,1,0
BRDA:49,4,0,0
BRDA:49,4,1,0
BRDA:51,5,0,0
BRDA:51,5,1,0
BRDA:61,6,0,0
BRDA:61,6,1,0
BRDA:92,7,0,0
BRDA:92,7,1,0
BRDA:102,8,0,0
BRDA:102,8,1,0
BRDA:111,9,0,0
BRDA:111,9,1,0
BRDA:129,10,0,0
BRDA:129,10,1,0
BRDA:137,11,0,0
BRDA:137,11,1,0
BRDA:203,12,0,0
BRDA:203,12,1,0
BRF:27
BRH:0
end_of_record
TN:
SF:src\components\FloatingAIButton.tsx
FN:11,FloatingAIButton
FN:24,(anonymous_1)
FN:85,(anonymous_2)
FNF:3
FNH:0
FNDA:0,FloatingAIButton
FNDA:0,(anonymous_1)
FNDA:0,(anonymous_2)
DA:1,0
DA:2,0
DA:3,0
DA:4,0
DA:5,0
DA:11,0
DA:12,0
DA:14,0
DA:24,0
DA:85,0
LF:10
LH:0
BRDA:29,0,0,0
BRDA:29,0,1,0
BRDA:62,1,0,0
BRDA:62,1,1,0
BRDA:79,2,0,0
BRDA:79,2,1,0
BRF:6
BRH:0
end_of_record
TN:
SF:src\components\FloatingAIButtonRobust.tsx
FN:11,FloatingAIButton
FN:17,(anonymous_1)
FN:46,(anonymous_2)
FNF:3
FNH:0
FNDA:0,FloatingAIButton
FNDA:0,(anonymous_1)
FNDA:0,(anonymous_2)
DA:1,0
DA:2,0
DA:3,0
DA:4,0
DA:11,0
DA:12,0
DA:14,0
DA:17,0
DA:46,0
LF:9
LH:0
BRF:0
BRH:0
end_of_record
TN:
SF:src\components\FrontCMS.tsx
FN:63,FrontCMS
FN:105,(anonymous_1)
FN:109,(anonymous_2)
FN:173,(anonymous_3)
FN:182,(anonymous_4)
FN:193,(anonymous_5)
FN:193,(anonymous_6)
FN:209,(anonymous_7)
FN:230,(anonymous_8)
FN:239,(anonymous_9)
FN:239,(anonymous_10)
FN:249,(anonymous_11)
FN:267,(anonymous_12)
FN:276,(anonymous_13)
FN:276,(anonymous_14)
FN:286,(anonymous_15)
FN:306,(anonymous_16)
FN:308,(anonymous_17)
FN:308,(anonymous_18)
FN:315,(anonymous_19)
FN:317,(anonymous_20)
FN:317,(anonymous_21)
FN:324,(anonymous_22)
FN:326,(anonymous_23)
FN:326,(anonymous_24)
FN:361,(anonymous_25)
FN:388,(anonymous_26)
FN:390,(anonymous_27)
FN:403,(anonymous_28)
FN:403,(anonymous_29)
FN:414,(anonymous_30)
FN:415,(anonymous_31)
FN:432,(anonymous_32)
FN:433,(anonymous_33)
FN:451,(anonymous_34)
FN:452,(anonymous_35)
FN:464,(anonymous_36)
FN:464,(anonymous_37)
FN:475,(anonymous_38)
FN:475,(anonymous_39)
[...]
FN:286,(anonymous_69)
FN:287,(anonymous_70)
FN:294,(anonymous_71)
FN:295,(anonymous_72)
FN:296,(anonymous_73)
FN:297,(anonymous_74)
FN:298,(anonymous_75)
FN:299,(anonymous_76)
FN:300,(anonymous_77)
FN:307,(anonymous_78)
FN:308,(anonymous_79)
FN:309,(anonymous_80)
FN:310,(anonymous_81)
FN:311,(anonymous_82)
FN:312,(anonymous_83)
FN:319,(anonymous_84)
FN:320,(anonymous_85)
FN:321,(anonymous_86)
FN:322,(anonymous_87)
FN:323,(anonymous_88)
FN:324,(anonymous_89)
FN:325,(anonymous_90)
FN:326,(anonymous_91)
FN:333,(anonymous_92)
FN:334,(anonymous_93)
FN:335,(anonymous_94)
FN:336,(anonymous_95)
FN:337,(anonymous_96)
FN:338,(anonymous_97)
FN:339,(anonymous_98)
FN:340,(anonymous_99)
FN:341,(anonymous_100)
FN:342,(anonymous_101)
FN:349,(anonymous_102)
FN:350,(anonymous_103)
FN:351,(anonymous_104)
FN:352,(anonymous_105)
FN:353,(anonymous_106)
FN:360,(anonymous_107)
FN:361,(anonymous_108)
FN:362,(anonymous_109)
FN:363,(anonymous_110)
FN:364,(anonymous_111)
FN:365,(anonymous_112)
FN:366,(anonymous_113)
FN:367,(anonymous_114)
FN:374,(anonymous_115)
FN:375,(anonymous_116)
FN:376,(anonymous_117)
FN:377,(anonymous_118)
FN:378,(anonymous_119)
FN:385,(anonymous_120)
FN:386,(anonymous_121)
FN:387,(anonymous_122)
FN:388,(anonymous_123)
FN:389,(anonymous_124)
FN:396,(anonymous_125)
FN:397,(anonymous_126)
FN:398,(anonymous_127)
FN:399,(anonymous_128)
FN:403,(anonymous_129)
FN:404,(anonymous_130)
FN:405,(anonymous_131)
FN:406,(anonymous_132)
FN:410,(anonymous_133)
FN:411,(anonymous_134)
FN:412,(anonymous_135)
FN:413,(anonymous_136)
FN:420,(anonymous_137)
FN:421,(anonymous_138)
FN:422,(anonymous_139)
FN:423,(anonymous_140)
FN:427,(anonymous_141)
FN:428,(anonymous_142)
FN:429,(anonymous_143)
FN:430,(anonymous_144)
FN:437,(anonymous_145)
FN:438,(anonymous_146)
FN:439,(anonymous_147)
FN:440,(anonymous_148)
FN:447,(anonymous_149)
FN:448,(anonymous_150)
FN:449,(anonymous_151)
FN:450,(anonymous_152)
FN:457,(anonymous_153)
FN:458,(anonymous_154)
FN:459,(anonymous_155)
FN:466,(anonymous_156)
FN:467,(anonymous_157)
FN:468,(anonymous_158)
FN:475,(anonymous_159)
FN:476,(anonymous_160)
FN:477,(anonymous_161)
FN:478,(anonymous_162)
FN:485,(anonymous_163)
FN:486,(anonymous_164)
FN:487,(anonymous_165)
FN:488,(anonymous_166)
FN:495,(anonymous_167)
FN:496,(anonymous_168)
FN:497,(anonymous_169)
FN:498,(anonymous_170)
FN:499,(anonymous_171)
FN:500,(anonymous_172)
FN:507,(anonymous_173)
FN:508,(anonymous_174)
FN:510,(anonymous_175)
FN:517,(anonymous_176)
FN:518,(anonymous_177)
FN:519,(anonymous_178)
FN:520,(anonymous_179)
FN:521,(anonymous_180)
FN:522,(anonymous_181)
FN:523,(anonymous_182)
FN:524,(anonymous_183)
FN:525,(anonymous_184)
FN:526,(anonymous_185)
FN:527,(anonymous_186)
FN:534,(anonymous_187)
FNF:188
FNH:0
FNDA:0,(anonymous_0)
FNDA:0,(anonymous_1)
FNDA:0,(anonymous_2)
FNDA:0,(anonymous_3)
FNDA:0,request
FNDA:0,(anonymous_5)
FNDA:0,(anonymous_6)
FNDA:0,(anonymous_7)
FNDA:0,(anonymous_8)
FNDA:0,(anonymous_9)
FNDA:0,(anonymous_10)
FNDA:0,(anonymous_11)
FNDA:0,(anonymous_12)
FNDA:0,(anonymous_13)
FNDA:0,(anonymous_14)
FNDA:0,(anonymous_15)
FNDA:0,(anonymous_16)
FNDA:0,(anonymous_17)
FNDA:0,(anonymous_18)
FNDA:0,(anonymous_19)
FNDA:0,(anonymous_20)
FNDA:0,(anonymous_21)
FNDA:0,(anonymous_22)
FNDA:0,(anonymous_23)
FNDA:0,(anonymous_24)
FNDA:0,(anonymous_25)
FNDA:0,(anonymous_26)
FNDA:0,(anonymous_27)
FNDA:0,(anonymous_28)
FNDA:0,(anonymous_29)
FNDA:0,(anonymous_30)
FNDA:0,(anonymous_31)
FNDA:0,(anonymous_32)
FNDA:0,(anonymous_33)
FNDA:0,(anonymous_34)
FNDA:0,(anonymous_35)
FNDA:0,(anonymous_36)
FNDA:0,(anonymous_37)
FNDA:0,(anonymous_38)
FNDA:0,(anonymous_39)
FNDA:0,(anonymous_40)
FNDA:0,(anonymous_41)
FNDA:0,(anonymous_42)
FNDA:0,(anonymous_43)
FNDA:0,(anonymous_44)
FNDA:0,(anonymous_45)
FNDA:0,(anonymous_46)
FNDA:0,(anonymous_47)
FNDA:0,(anonymous_48)
FNDA:0,(anonymous_49)
FNDA:0,(anonymous_50)
FNDA:0,(anonymous_51)
FNDA:0,(anonymous_52)
FNDA:0,(anonymous_53)
FNDA:0,(anonymous_54)
FNDA:0,(anonymous_55)
FNDA:0,(anonymous_56)
FNDA:0,(anonymous_57)
FNDA:0,(anonymous_58)
FNDA:0,(anonymous_59)
FNDA:0,(anonymous_60)
FNDA:0,(anonymous_61)
FNDA:0,(anonymous_62)
FNDA:0,(anonymous_63)
FNDA:0,(anonymous_64)
FNDA:0,(anonymous_65)
FNDA:0,(anonymous_66)
FNDA:0,(anonymous_67)
FNDA:0,(anonymous_68)
FNDA:0,(anonymous_69)
FNDA:0,(anonymous_70)
FNDA:0,(anonymous_71)
FNDA:0,(anonymous_72)
FNDA:0,(anonymous_73)
FNDA:0,(anonymous_74)
FNDA:0,(anonymous_75)
FNDA:0,(anonymous_76)
FNDA:0,(anonymous_77)
FNDA:0,(anonymous_78)
FNDA:0,(anonymous_79)
FNDA:0,(anonymous_80)
FNDA:0,(anonymous_81)
FNDA:0,(anonymous_82)
FNDA:0,(anonymous_83)
FNDA:0,(anonymous_84)
FNDA:0,(anonymous_85)
FNDA:0,(anonymous_86)
FNDA:0,(anonymous_87)
FNDA:0,(anonymous_88)
FNDA:0,(anonymous_89)
FNDA:0,(anonymous_90)
FNDA:0,(anonymous_91)
FNDA:0,(anonymous_92)
FNDA:0,(anonymous_93)
FNDA:0,(anonymous_94)
FNDA:0,(anonymous_95)
FNDA:0,(anonymous_96)
FNDA:0,(anonymous_97)
FNDA:0,(anonymous_98)
FNDA:0,(anonymous_99)
FNDA:0,(anonymous_100)
FNDA:0,(anonymous_101)
FNDA:0,(anonymous_102)
FNDA:0,(anonymous_103)
FNDA:0,(anonymous_104)
FNDA:0,(anonymous_105)
FNDA:0,(anonymous_106)
FNDA:0,(anonymous_107)
FNDA:0,(anonymous_108)
FNDA:0,(anonymous_109)
FNDA:0,(anonymous_110)
FNDA:0,(anonymous_111)
FNDA:0,(anonymous_112)
FNDA:0,(anonymous_113)
FNDA:0,(anonymous_114)
FNDA:0,(anonymous_115)
FNDA:0,(anonymous_116)
FNDA:0,(anonymous_117)
FNDA:0,(anonymous_118)
FNDA:0,(anonymous_119)
FNDA:0,(anonymous_120)
FNDA:0,(anonymous_121)
FNDA:0,(anonymous_122)
FNDA:0,(anonymous_123)
FNDA:0,(anonymous_124)
FNDA:0,(anonymous_125)
FNDA:0,(anonymous_126)
FNDA:0,(anonymous_127)
FNDA:0,(anonymous_128)
FNDA:0,(anonymous_129)
FNDA:0,(anonymous_130)
FNDA:0,(anonymous_131)
FNDA:0,(anonymous_132)
FNDA:0,(anonymous_133)
FNDA:0,(anonymous_134)
FNDA:0,(anonymous_135)
FNDA:0,(anonymous_136)
FNDA:0,(anonymous_137)
FNDA:0,(anonymous_138)
FNDA:0,(anonymous_139)
FNDA:0,(anonymous_140)
FNDA:0,(anonymous_141)
FNDA:0,(anonymous_142)
FNDA:0,(anonymous_143)
FNDA:0,(anonymous_144)
FNDA:0,(anonymous_145)
FNDA:0,(anonymous_146)
FNDA:0,(anonymous_147)
FNDA:0,(anonymous_148)
FNDA:0,(anonymous_149)
FNDA:0,(anonymous_150)
FNDA:0,(anonymous_151)
FNDA:0,(anonymous_152)
FNDA:0,(anonymous_153)
FNDA:0,(anonymous_154)
FNDA:0,(anonymous_155)
FNDA:0,(anonymous_156)
FNDA:0,(anonymous_157)
FNDA:0,(anonymous_158)
FNDA:0,(anonymous_159)
FNDA:0,(anonymous_160)
FNDA:0,(anonymous_161)
FNDA:0,(anonymous_162)
FNDA:0,(anonymous_163)
FNDA:0,(anonymous_164)
FNDA:0,(anonymous_165)
FNDA:0,(anonymous_166)
FNDA:0,(anonymous_167)
FNDA:0,(anonymous_168)
FNDA:0,(anonymous_169)
FNDA:0,(anonymous_170)
FNDA:0,(anonymous_171)
FNDA:0,(anonymous_172)
FNDA:0,(anonymous_173)
FNDA:0,(anonymous_174)
FNDA:0,(anonymous_175)
FNDA:0,(anonymous_176)
FNDA:0,(anonymous_177)
FNDA:0,(anonymous_178)
FNDA:0,(anonymous_179)
FNDA:0,(anonymous_180)
FNDA:0,(anonymous_181)
FNDA:0,(anonymous_182)
FNDA:0,(anonymous_183)
FNDA:0,(anonymous_184)
FNDA:0,(anonymous_185)
FNDA:0,(anonymous_186)
FNDA:0,(anonymous_187)
DA:7,0
DA:9,0
DA:15,0
DA:16,0
DA:18,0
DA:19,0
DA:22,0
DA:23,0
DA:24,0
DA:27,0
DA:28,0
DA:31,0
DA:37,0
DA:39,0
DA:42,0
DA:43,0
DA:45,0
DA:47,0
DA:50,0
DA:52,0
DA:53,0
DA:65,0
DA:66,0
DA:68,0
DA:69,0
DA:75,0
DA:76,0
DA:77,0
DA:78,0
DA:79,0
DA:80,0
DA:89,0
DA:98,0
DA:99,0
DA:100,0
DA:101,0
DA:102,0
DA:104,0
DA:105,0
DA:108,0
DA:111,0
DA:112,0
DA:116,0
DA:117,0
DA:118,0
DA:124,0
DA:125,0
DA:126,0
DA:129,0
DA:132,0
DA:135,0
DA:137,0
DA:140,0
DA:141,0
DA:145,0
DA:146,0
DA:147,0
DA:151,0
DA:153,0
DA:157,0
DA:158,0
DA:159,0
DA:160,0
DA:161,0
DA:162,0
DA:167,0
DA:169,0
DA:171,0
DA:172,0
DA:173,0
DA:179,0
DA:180,0
DA:181,0
DA:187,0
DA:188,0
DA:189,0
DA:190,0
DA:191,0
DA:192,0
DA:193,0
DA:199,0
DA:200,0
DA:201,0
DA:202,0
DA:203,0
DA:204,0
DA:210,0
DA:211,0
DA:212,0
DA:213,0
DA:214,0
DA:215,0
DA:216,0
DA:222,0
DA:223,0
DA:224,0
DA:225,0
DA:226,0
DA:227,0
DA:233,0
DA:234,0
DA:235,0
DA:236,0
DA:237,0
DA:238,0
DA:244,0
DA:245,0
DA:246,0
DA:247,0
DA:248,0
DA:249,0
DA:255,0
DA:256,0
DA:257,0
DA:258,0
DA:259,0
DA:260,0
DA:261,0
DA:263,0
DA:269,0
DA:270,0
DA:271,0
DA:272,0
DA:273,0
DA:274,0
DA:275,0
DA:281,0
DA:282,0
DA:283,0
DA:284,0
DA:285,0
DA:286,0
DA:287,0
DA:293,0
DA:294,0
DA:295,0
DA:296,0
DA:297,0
DA:298,0
DA:299,0
DA:300,0
DA:306,0
DA:307,0
DA:308,0
DA:309,0
DA:310,0
DA:311,0
DA:312,0
DA:318,0
DA:319,0
DA:320,0
DA:321,0
DA:322,0
DA:323,0
DA:324,0
DA:325,0
DA:326,0
DA:332,0
DA:333,0
DA:334,0
DA:335,0
DA:336,0
DA:337,0
DA:338,0
DA:339,0
DA:340,0
DA:341,0
DA:342,0
DA:348,0
DA:349,0
DA:350,0
DA:351,0
DA:352,0
DA:353,0
DA:359,0
DA:360,0
DA:361,0
DA:362,0
DA:363,0
DA:364,0
DA:365,0
DA:366,0
DA:367,0
DA:373,0
DA:374,0
DA:375,0
DA:376,0
DA:377,0
DA:378,0
DA:384,0
DA:385,0
DA:386,0
DA:387,0
DA:388,0
DA:389,0
DA:395,0
DA:396,0
DA:397,0
DA:398,0
DA:399,0
DA:402,0
DA:403,0
DA:404,0
DA:405,0
DA:406,0
DA:409,0
DA:410,0
DA:411,0
DA:412,0
DA:413,0
DA:419,0
DA:420,0
DA:421,0
DA:422,0
DA:423,0
DA:426,0
DA:427,0
DA:428,0
DA:429,0
DA:430,0
DA:436,0
DA:437,0
DA:438,0
DA:439,0
DA:440,0
DA:446,0
DA:447,0
DA:448,0
DA:449,0
DA:450,0
DA:456,0
DA:457,0
DA:458,0
DA:459,0
DA:465,0
DA:466,0
DA:467,0
DA:468,0
DA:474,0
DA:475,0
DA:476,0
DA:477,0
DA:478,0
DA:484,0
DA:485,0
DA:486,0
DA:487,0
DA:488,0
DA:494,0
DA:495,0
DA:496,0
DA:497,0
DA:498,0
DA:499,0
DA:500,0
DA:506,0
DA:507,0
DA:509,0
DA:510,0
DA:516,0
DA:517,0
DA:518,0
DA:519,0
DA:520,0
DA:521,0
DA:522,0
DA:523,0
DA:524,0
DA:525,0
DA:526,0
DA:527,0
DA:533,0
DA:535,0
LF:273
LH:0
BRDA:9,0,0,0
BRDA:9,0,1,0
BRDA:37,1,0,0
BRDA:37,1,1,0
BRDA:43,2,0,0
BRDA:43,2,1,0
BRDA:45,3,0,0
BRDA:45,3,1,0
BRDA:63,4,0,0
BRDA:71,5,0,0
BRDA:71,5,1,0
BRDA:76,6,0,0
BRDA:76,6,1,0
BRDA:76,7,0,0
BRDA:76,7,1,0
BRDA:98,8,0,0
BRDA:98,8,1,0
BRDA:99,9,0,0
BRDA:99,9,1,0
BRDA:104,10,0,0
BRDA:104,10,1,0
BRDA:112,11,0,0
BRDA:112,11,1,0
BRDA:124,12,0,0
BRDA:124,12,1,0
BRDA:126,13,0,0
BRDA:126,13,1,0
BRDA:135,14,0,0
BRDA:135,14,1,0
BRDA:140,15,0,0
BRDA:140,15,1,0
BRDA:140,16,0,0
BRDA:140,16,1,0
BRDA:145,17,0,0
BRDA:145,17,1,0
BRDA:145,18,0,0
BRDA:145,18,1,0
BRDA:188,19,0,0
BRDA:188,19,1,0
BRDA:200,20,0,0
BRDA:200,20,1,0
BRDA:211,21,0,0
BRDA:211,21,1,0
BRDA:223,22,0,0
BRDA:223,22,1,0
BRDA:234,23,0,0
BRDA:234,23,1,0
BRDA:245,24,0,0
BRDA:245,24,1,0
BRDA:256,25,0,0
BRDA:256,25,1,0
BRDA:270,26,0,0
BRDA:270,26,1,0
BRDA:282,27,0,0
BRDA:282,27,1,0
BRDA:319,28,0,0
BRDA:319,28,1,0
BRDA:333,29,0,0
BRDA:333,29,1,0
BRDA:337,30,0,0
BRDA:337,30,1,0
BRDA:385,31,0,0
BRDA:385,31,1,0
BRDA:475,32,0,0
BRDA:475,32,1,0
BRF:65
BRH:0
end_of_record
TN:
SF:src\utils\errorHandler.ts
FN:18,(anonymous_0)
FN:25,(anonymous_1)
FN:40,(anonymous_2)
FN:73,(anonymous_3)
FN:75,(anonymous_4)
FN:98,(anonymous_5)
FN:121,(anonymous_6)
FN:144,(anonymous_7)
FN:164,(anonymous_8)
FN:189,(anonymous_9)
FN:224,(anonymous_10)
FN:231,(anonymous_11)
FN:239,(anonymous_12)
FNF:13
FNH:0
FNDA:0,(anonymous_0)
FNDA:0,(anonymous_1)
FNDA:0,(anonymous_2)
FNDA:0,(anonymous_3)
FNDA:0,(anonymous_4)
FNDA:0,(anonymous_5)
FNDA:0,(anonymous_6)
FNDA:0,(anonymous_7)
FNDA:0,(anonymous_8)
FNDA:0,(anonymous_9)
FNDA:0,(anonymous_10)
FNDA:0,(anonymous_11)
FNDA:0,(anonymous_12)
DA:19,0
DA:20,0
DA:26,0
DA:29,0
DA:30,0
DA:41,0
DA:43,0
DA:59,0
DA:61,0
DA:62,0
DA:63,0
DA:67,0
DA:74,0
DA:75,0
DA:78,0
DA:86,0
DA:88,0
DA:89,0
DA:92,0
DA:99,0
DA:109,0
DA:111,0
DA:112,0
DA:115,0
DA:122,0
DA:132,0
DA:134,0
DA:135,0
DA:138,0
DA:145,0
DA:152,0
DA:154,0
DA:155,0
DA:158,0
DA:165,0
DA:166,0
DA:170,0
DA:171,0
DA:172,0
DA:173,0
DA:174,0
DA:175,0
DA:179,0
DA:181,0
DA:182,0
DA:183,0
DA:187,0
DA:188,0
DA:189,0
DA:191,0
DA:192,0
DA:196,0
DA:197,0
DA:198,0
DA:203,0
DA:204,0
DA:205,0
DA:207,0
DA:208,0
DA:210,0
DA:214,0
DA:215,0
DA:218,0
DA:225,0
DA:232,0
DA:240,0
DA:244,0
LF:67
LH:0
BRDA:29,0,0,0
BRDA:29,0,1,0
BRDA:46,1,0,0
BRDA:46,1,1,0
BRDA:55,2,0,0
BRDA:55,2,1,0
BRDA:56,3,0,0
BRDA:56,3,1,0
BRDA:61,4,0,0
BRDA:61,4,1,0
BRDA:67,5,0,0
BRDA:67,5,1,0
BRDA:83,6,0,0
BRDA:83,6,1,0
BRDA:88,7,0,0
BRDA:88,7,1,0
BRDA:105,8,0,0
BRDA:105,8,1,0
BRDA:106,9,0,0
BRDA:106,9,1,0
BRDA:111,10,0,0
BRDA:111,10,1,0
BRDA:127,11,0,0
BRDA:127,11,1,0
BRDA:129,12,0,0
BRDA:129,12,1,0
BRDA:134,13,0,0
BRDA:134,13,1,0
BRDA:149,14,0,0
BRDA:149,14,1,0
BRDA:154,15,0,0
BRDA:154,15,1,0
BRDA:165,16,0,0
BRDA:165,16,1,0
BRDA:170,17,0,0
BRDA:170,17,1,0
BRDA:179,18,0,0
BRDA:179,18,1,0
BRDA:179,19,0,0
BRDA:179,19,1,0
BRDA:181,20,0,0
BRDA:181,20,1,0
BRDA:181,21,0,0
BRDA:181,21,1,0
BRDA:187,22,0,0
BRDA:187,22,1,0
BRDA:187,23,0,0
BRDA:187,23,1,0
BRDA:187,23,2,0
BRDA:189,24,0,0
BRDA:189,24,1,0
BRDA:189,24,2,0
BRDA:197,25,0,0
BRDA:197,25,1,0
BRDA:197,26,0,0
BRDA:197,26,1,0
BRDA:197,26,2,0
BRDA:197,26,3,0
BRDA:203,27,0,0
BRDA:203,27,1,0
BRDA:204,28,0,0
BRDA:204,28,1,0
BRDA:207,29,0,0
BRDA:207,29,1,0
BRDA:207,30,0,0
BRDA:207,30,1,0
BRDA:214,31,0,0
BRDA:214,31,1,0
BRF:68
BRH:0
end_of_record
TN:
SF:src\utils\fieldConverter.ts
FN:9,(anonymous_0)
FN:10,(anonymous_1)
FN:16,(anonymous_2)
FN:17,(anonymous_3)
FN:23,(anonymous_4)
FN:36,(anonymous_5)
FN:46,(anonymous_6)
FN:59,(anonymous_7)
FNF:8
FNH:0
FNDA:0,(anonymous_0)
FNDA:0,(anonymous_1)
FNDA:0,(anonymous_2)
FNDA:0,(anonymous_3)
FNDA:0,(anonymous_4)
FNDA:0,(anonymous_5)
FNDA:0,(anonymous_6)
FNDA:0,(anonymous_7)
DA:9,1
DA:10,0
DA:16,1
DA:17,0
DA:23,1
DA:24,0
DA:25,0
DA:28,0
DA:29,0
DA:32,0
DA:33,0
DA:36,0
DA:37,0
DA:38,0
DA:39,0
DA:46,1
DA:47,0
DA:48,0
DA:51,0
DA:52,0
DA:55,0
DA:56,0
DA:59,0
DA:60,0
DA:61,0
DA:62,0
LF:26
LH:4
BRDA:24,0,0,0
BRDA:24,0,1,0
BRDA:24,1,0,0
BRDA:24,1,1,0
BRDA:28,2,0,0
BRDA:28,2,1,0
BRDA:32,3,0,0
BRDA:32,3,1,0
BRDA:47,4,0,0
BRDA:47,4,1,0
BRDA:47,5,0,0
BRDA:47,5,1,0
BRDA:51,6,0,0
BRDA:51,6,1,0
BRDA:55,7,0,0
BRDA:55,7,1,0
BRF:16
BRH:0
end_of_record
TN:
SF:src\utils\settingsService.ts
FN:8,(anonymous_0)
FN:15,(anonymous_1)
FN:24,(anonymous_2)
FN:33,(anonymous_3)
FN:39,(anonymous_4)
FN:49,(anonymous_5)
FN:58,(anonymous_6)
FNF:7
FNH:0
FNDA:0,(anonymous_0)
FNDA:0,(anonymous_1)
FNDA:0,(anonymous_2)
FNDA:0,(anonymous_3)
FNDA:0,(anonymous_4)
FNDA:0,(anonymous_5)
FNDA:0,(anonymous_6)
DA:3,0
DA:5,0
DA:6,0
DA:9,0
DA:10,0
DA:11,0
DA:12,0
DA:16,0
DA:21,0
DA:25,0
DA:30,0
DA:34,0
DA:35,0
DA:36,0
DA:40,0
DA:41,0
DA:46,0
DA:50,0
DA:55,0
DA:59,0
DA:64,0
LF:21
LH:0
BRDA:3,0,0,0
BRDA:3,0,1,0
BRDA:10,1,0,0
BRDA:10,1,1,0
BRDA:12,2,0,0
BRDA:12,2,1,0
BRDA:21,3,0,0
BRDA:21,3,1,0
BRDA:30,4,0,0
BRDA:30,4,1,0
BRDA:35,5,0,0
BRDA:35,5,1,0
BRDA:46,6,0,0
BRDA:46,6,1,0
BRF:14
BRH:0
end_of_record
TN:
SF:src\utils\themeColors.ts
FN:117,(anonymous_0)
FN:122,(anonymous_1)
FN:211,(anonymous_2)
FN:217,(anonymous_3)
FNF:4
FNH:0
FNDA:0,(anonymous_0)
FNDA:0,(anonymous_1)
FNDA:0,(anonymous_2)
FNDA:0,(anonymous_3)
DA:18,0
DA:117,0
DA:118,0
DA:119,0
DA:122,0
DA:123,0
DA:124,0
DA:125,0
DA:126,0
DA:128,0
DA:129,0
DA:130,0
DA:132,0
DA:133,0
DA:135,0
DA:136,0
DA:137,0
DA:138,0
DA:139,0
DA:140,0
DA:142,0
DA:145,0
DA:148,0
DA:149,0
DA:150,0
DA:153,0
DA:156,0
DA:157,0
DA:158,0
DA:159,0
DA:160,0
DA:161,0
DA:162,0
DA:163,0
DA:166,0
DA:168,0
DA:169,0
DA:170,0
DA:171,0
DA:172,0
DA:173,0
DA:174,0
DA:175,0
DA:176,0
DA:177,0
DA:178,0
DA:179,0
DA:180,0
DA:181,0
DA:182,0
DA:183,0
DA:186,0
DA:187,0
DA:188,0
DA:189,0
DA:190,0
DA:191,0
DA:192,0
DA:193,0
DA:194,0
DA:195,0
DA:196,0
DA:197,0
DA:198,0
DA:199,0
DA:200,0
DA:201,0
DA:205,0
DA:208,0
DA:211,0
DA:214,0
DA:217,0
DA:218,0
DA:219,0
DA:220,0
DA:221,0
DA:224,0
LF:77
LH:0
BRDA:118,0,0,0
BRDA:118,0,1,0
BRDA:123,1,0,0
BRDA:123,1,1,0
BRDA:132,2,0,0
BRDA:132,2,1,0
BRDA:136,3,0,0
BRDA:136,3,1,0
BRDA:137,4,0,0
BRDA:137,4,1,0
BRDA:137,4,2,0
BRDA:138,5,0,0
BRDA:138,5,1,0
BRDA:166,6,0,0
BRDA:166,6,1,0
BRDA:208,7,0,0
BRDA:208,7,1,0
BRDA:218,8,0,0
BRDA:218,8,1,0
BRDA:220,9,0,0
BRDA:220,9,1,0
BRF:21
BRH:0
end_of_record
TN:
SF:src\utils\themeService.ts
FN:108,(anonymous_0)
FN:116,(anonymous_1)
FN:126,(anonymous_2)
FN:133,(anonymous_3)
FN:145,(anonymous_4)
FN:202,(anonymous_5)
FN:207,(anonymous_6)
FN:211,(anonymous_7)
FN:212,(anonymous_8)
FN:215,(anonymous_9)
FN:222,(anonymous_10)
FN:228,(anonymous_11)
FN:229,(anonymous_12)
FN:230,(anonymous_13)
FN:231,(anonymous_14)
FN:232,(anonymous_15)
FNF:16
FNH:0
FNDA:0,(anonymous_0)
FNDA:0,(anonymous_1)
FNDA:0,(anonymous_2)
FNDA:0,(anonymous_3)
FNDA:0,(anonymous_4)
FNDA:0,(anonymous_5)
FNDA:0,(anonymous_6)
FNDA:0,(anonymous_7)
FNDA:0,(anonymous_8)
FNDA:0,(anonymous_9)
FNDA:0,(anonymous_10)
FNDA:0,(anonymous_11)
FNDA:0,(anonymous_12)
FNDA:0,(anonymous_13)
FNDA:0,(anonymous_14)
FNDA:0,(anonymous_15)
DA:13,0
DA:109,0
DA:110,0
DA:111,0
DA:112,0
DA:117,0
DA:118,0
DA:123,0
DA:127,0
DA:130,0
DA:134,0
DA:135,0
DA:136,0
DA:139,0
DA:146,0
DA:148,0
DA:149,0
DA:152,0
DA:153,0
DA:154,0
DA:155,0
DA:156,0
DA:157,0
DA:158,0
DA:159,0
DA:162,0
DA:164,0
DA:165,0
DA:166,0
DA:167,0
DA:168,0
DA:169,0
DA:170,0
DA:171,0
DA:172,0
DA:173,0
DA:174,0
DA:175,0
DA:176,0
DA:177,0
DA:178,0
DA:181,0
DA:182,0
DA:183,0
DA:184,0
DA:185,0
DA:186,0
DA:187,0
DA:188,0
DA:189,0
DA:190,0
DA:191,0
DA:192,0
DA:193,0
DA:194,0
DA:195,0
DA:199,0
DA:208,0
DA:212,0
DA:216,0
DA:221,0
DA:222,0
DA:223,0
DA:224,0
DA:227,0
DA:228,0
DA:229,0
DA:230,0
DA:231,0
DA:232,0
LF:70
LH:0
BRDA:111,0,0,0
BRDA:111,0,1,0
BRDA:117,1,0,0
BRDA:117,1,1,0
BRDA:127,2,0,0
BRDA:127,2,1,0
BRDA:135,3,0,0
BRDA:135,3,1,0
BRDA:146,4,0,0
BRDA:146,4,1,0
BRDA:162,5,0,0
BRDA:162,5,1,0
BRDA:223,6,0,0
BRDA:223,6,1,0
BRF:14
BRH:0
end_of_record
TN:
SF:src\utils\tokenManager.ts
FN:18,(anonymous_0)
FN:28,(anonymous_1)
FN:44,(anonymous_2)
FN:51,(anonymous_3)
FN:64,(anonymous_4)
FN:71,(anonymous_5)
FN:74,(anonymous_6)
FN:81,(anonymous_7)
FN:99,(anonymous_8)
FN:117,(anonymous_9)
FNF:10
FNH:0
FNDA:0,(anonymous_0)
FNDA:0,(anonymous_1)
FNDA:0,(anonymous_2)
FNDA:0,(anonymous_3)
FNDA:0,(anonymous_4)
FNDA:0,(anonymous_5)
FNDA:0,(anonymous_6)
FNDA:0,(anonymous_7)
FNDA:0,(anonymous_8)
FNDA:0,(anonymous_9)
DA:16,0
DA:19,0
DA:20,0
DA:31,0
DA:34,0
DA:35,0
DA:45,0
DA:52,0
DA:56,0
DA:57,0
DA:65,0
DA:73,0
DA:74,0
DA:82,0
DA:83,0
DA:84,0
DA:87,0
DA:88,0
DA:89,0
DA:91,0
DA:92,0
DA:100,0
DA:101,0
DA:102,0
DA:106,0
DA:107,0
DA:110,0
DA:111,0
DA:118,0
DA:119,0
DA:120,0
DA:123,0
DA:128,0
LF:33
LH:0
BRDA:18,0,0,0
BRDA:19,1,0,0
BRDA:19,1,1,0
BRDA:20,2,0,0
BRDA:20,2,1,0
BRDA:34,3,0,0
BRDA:34,3,1,0
BRDA:56,4,0,0
BRDA:56,4,1,0
BRDA:74,5,0,0
BRDA:74,5,1,0
BRDA:83,6,0,0
BRDA:83,6,1,0
BRDA:101,7,0,0
BRDA:101,7,1,0
BRDA:101,8,0,0
BRDA:101,8,1,0
BRDA:119,9,0,0
BRDA:119,9,1,0
BRDA:119,10,0,0
BRDA:119,10,1,0
BRF:21
BRH:0
end_of_record
TN:
SF:src\utils\validation.ts
FN:43,sanitizeString
FN:58,validateEmail
FN:65,validatePassword
FN:72,validatePhone
FN:79,validateField
FN:131,validateFields
FN:153,sanitizeObject
FN:162,(anonymous_7)
FNF:8
FNH:0
FNDA:0,sanitizeString
FNDA:0,validateEmail
FNDA:0,validatePassword
FNDA:0,validatePhone
FNDA:0,validateField
FNDA:0,validateFields
FNDA:0,sanitizeObject
FNDA:0,(anonymous_7)
DA:27,0
DA:33,0
DA:38,0
DA:43,0
DA:44,0
DA:46,0
DA:58,0
DA:59,0
DA:65,0
DA:66,0
DA:72,0
DA:73,0
DA:79,0
DA:83,0
DA:84,0
DA:86,0
DA:88,0
DA:89,0
DA:90,0
DA:93,0
DA:96,0
DA:97,0
DA:103,0
DA:104,0
DA:110,0
DA:111,0
DA:115,0
DA:116,0
DA:117,0
DA:118,0
DA:125,0
DA:131,0
DA:135,0
DA:137,0
DA:138,0
DA:139,0
DA:140,0
DA:144,0
DA:153,0
DA:154,0
DA:156,0
DA:157,0
DA:158,0
DA:159,0
DA:160,0
DA:161,0
DA:162,0
DA:163,0
DA:168,0
DA:174,0
LF:50
LH:0
BRDA:44,0,0,0
BRDA:44,0,1,0
BRDA:83,1,0,0
BRDA:83,1,1,0
BRDA:88,2,0,0
BRDA:88,2,1,0
BRDA:88,3,0,0
BRDA:88,3,1,0
BRDA:88,3,2,0
BRDA:88,3,3,0
BRDA:89,4,0,0
BRDA:89,4,1,0
BRDA:93,5,0,0
BRDA:93,5,1,0
BRDA:96,6,0,0
BRDA:96,6,1,0
BRDA:96,7,0,0
BRDA:96,7,1,0
BRDA:98,8,0,0
BRDA:98,8,1,0
BRDA:103,9,0,0
BRDA:103,9,1,0
BRDA:103,10,0,0
BRDA:103,10,1,0
BRDA:105,11,0,0
BRDA:105,11,1,0
BRDA:110,12,0,0
BRDA:110,12,1,0
BRDA:110,13,0,0
BRDA:110,13,1,0
BRDA:111,14,0,0
BRDA:111,14,1,0
BRDA:115,15,0,0
BRDA:115,15,1,0
BRDA:117,16,0,0
BRDA:117,16,1,0
BRDA:119,17,0,0
BRDA:119,17,1,0
BRDA:119,18,0,0
BRDA:119,18,1,0
BRDA:139,19,0,0
BRDA:139,19,1,0
BRDA:157,20,0,0
BRDA:157,20,1,0
BRDA:159,21,0,0
BRDA:159,21,1,0
BRDA:159,22,0,0
BRDA:159,22,1,0
BRDA:159,22,2,0
BRDA:161,23,0,0
BRDA:161,23,1,0
BRDA:163,24,0,0
BRDA:163,24,1,0
BRF:53
BRH:0
end_of_record
TN:
SF:src\utils\voiceAgentConfig.ts
FNF:0
FNH:0
DA:54,0
DA:66,0
DA:79,0
DA:96,0
DA:112,0
DA:124,0
DA:137,0
DA:153,0
DA:165,0
DA:186,0
LF:10
LH:0
BRF:0
BRH:0
end_of_record
